ARM GAS  /cygdrive/c/DOCUME~1/ANDERS~1/LOKALA~1/Temp/ccrwz2Ly.s 			page 1


   1              		.code	16
   2              		.file	"stack_usage.c"
   3              		.section	.debug_abbrev,"",%progbits
   4              	.Ldebug_abbrev0:
   5              		.section	.debug_info,"",%progbits
   6              	.Ldebug_info0:
   7              		.section	.debug_line,"",%progbits
   8              	.Ldebug_line0:
   9 0000 93000000 		.text
   9      02005400 
   9      00000201 
   9      FB0E0A00 
   9      01010101 
  10              	.Ltext0:
  11              		.global	__udivsi3
  12              		.align	2
  13              		.global	osStackUsage
  14              		.code 16
  15              		.thumb_func
  16              		.type	osStackUsage, %function
  17              	osStackUsage:
  18              	.LFB2:
  19              		.file 1 "core/stack_usage.c"
   1:core/stack_usage.c **** /******************************************************************************
   2:core/stack_usage.c ****  *
   3:core/stack_usage.c ****  * Copyright:
   4:core/stack_usage.c ****  *    (C) 2000 - 2005 Embedded Artists AB
   5:core/stack_usage.c ****  *
   6:core/stack_usage.c ****  * Description:
   7:core/stack_usage.c ****  *
   8:core/stack_usage.c ****  * ESIC:
   9:core/stack_usage.c ****  *    pre_emptive_os
  10:core/stack_usage.c ****  *
  11:core/stack_usage.c ****  * Version:
  12:core/stack_usage.c ****  *    1.4.0
  13:core/stack_usage.c ****  *
  14:core/stack_usage.c ****  * Generate date:
  15:core/stack_usage.c ****  *    2005-03-15 at 20:27:15
  16:core/stack_usage.c ****  *
  17:core/stack_usage.c ****  * NOTE:
  18:core/stack_usage.c ****  *    DO NOT EDIT THIS FILE. IT IS AUTO GENERATED.
  19:core/stack_usage.c ****  *    CHANGES TO THIS FILE WILL BE LOST IF THE FILE IS RE-GENERATED
  20:core/stack_usage.c ****  *
  21:core/stack_usage.c ****  * Signature:
  22:core/stack_usage.c ****  *   7072655F656D70746976655F6F73,312E342E302E30,020235
  23:core/stack_usage.c ****  *   ,35,10104021013134373435363030,07323838,3732,01013
  24:core/stack_usage.c ****  *   830,0101013138303030303030,3135,33,3135,0232323530
  25:core/stack_usage.c ****  *   ,01020130,0231343734353539,3238313831,020101100302
  26:core/stack_usage.c ****  *   103030310010133,0163130,3230,3330,3430,3530,3630,3
  27:core/stack_usage.c ****  *   730,3830,3930,313030,313130,313230,313330,313430,3
  28:core/stack_usage.c ****  *   13530,313630,,35,35,35,35,35,35,35,35,35,35,35,35,
  29:core/stack_usage.c ****  *   35,35,35,35,,,,1001001100011000000000]484152445741
  30:core/stack_usage.c ****  *   5245,4C5043323130365F32,545538,756E7369676E6564206
  31:core/stack_usage.c ****  *   3686172,414C49474E4D454E54,34,54424F4F4C,756E73696
  32:core/stack_usage.c ****  *   76E65642063686172,54553332,756E7369676E656420696E7
  33:core/stack_usage.c ****  *   4,544D505F46494C4553,2A2E656C663B2A2E6C73743B2A2E6
  34:core/stack_usage.c ****  *   D61703B2A2E6F3B2A2E6F626A3B2A2E64,454E4449414E,4C4
ARM GAS  /cygdrive/c/DOCUME~1/ANDERS~1/LOKALA~1/Temp/ccrwz2Ly.s 			page 2


  35:core/stack_usage.c ****  *   954544C45,54533332,7369676E656420696E74,545338,736
  36:core/stack_usage.c ****  *   9676E65642063686172,54553136,756E7369676E656420736
  37:core/stack_usage.c ****  *   86F7274,54533136,7369676E65642073686F7274,44455343
  38:core/stack_usage.c ****  *   52495054494F4E,,44454255475F4C4556454C,30,434F4445
  39:core/stack_usage.c ****  *   5F524F4F54,,47454E5F52554C4553,,4C494E455F5445524D
  40:core/stack_usage.c ****  *   ,43524C46,4252414345,,43524541544F52,416E646572732
  41:core/stack_usage.c ****  *   0526F7376616C6C,4352454154494F4E5F44415445,3230303
  42:core/stack_usage.c ****  *   52D30332D31352032303A31373A3432,524F4F54,433A2F446
  43:core/stack_usage.c ****  *   F63756D656E747320616E642053657474696E67732F416E646
  44:core/stack_usage.c ****  *   5727320526F7376616C6C2F4D696E6120646F6B756D656E742
  45:core/stack_usage.c ****  *   F456D62656464656420417274697374732F50726F647563747
  46:core/stack_usage.c ****  *   32F4C50433231303620525332333220517569636B537461727
  47:core/stack_usage.c ****  *   420426F6172642F72746F732F]505245464958,,4445425547
  48:core/stack_usage.c ****  *   5F4C4556454C,30,555345525F434F4D4D454E54,]64656661
  49:core/stack_usage.c ****  *   756C74,
  50:core/stack_usage.c ****  *
  51:core/stack_usage.c ****  * Checksum:
  52:core/stack_usage.c ****  *    224270
  53:core/stack_usage.c ****  *
  54:core/stack_usage.c ****  *****************************************************************************/
  55:core/stack_usage.c **** 
  56:core/stack_usage.c **** 
  57:core/stack_usage.c **** /******************************************************************************
  58:core/stack_usage.c ****  * Includes
  59:core/stack_usage.c ****  *****************************************************************************/
  60:core/stack_usage.c **** 
  61:core/stack_usage.c **** #include "stack_usage.h"
  62:core/stack_usage.c **** #include "kernel.h"
  63:core/stack_usage.c **** 
  64:core/stack_usage.c **** /******************************************************************************
  65:core/stack_usage.c ****  * Local functions
  66:core/stack_usage.c ****  *****************************************************************************/
  67:core/stack_usage.c **** 
  68:core/stack_usage.c **** static tU8 readStackUsage(tU8* pStackArea,
  69:core/stack_usage.c ****                           tU16 size);
  70:core/stack_usage.c **** 
  71:core/stack_usage.c **** /******************************************************************************
  72:core/stack_usage.c ****  * Implementation of public functions
  73:core/stack_usage.c ****  *****************************************************************************/
  74:core/stack_usage.c **** 
  75:core/stack_usage.c **** 
  76:core/stack_usage.c **** /*****************************************************************************
  77:core/stack_usage.c ****  *
  78:core/stack_usage.c ****  * Description:
  79:core/stack_usage.c ****  *    This function returns the stack usage. The stack usage is based on the 
  80:core/stack_usage.c ****  *    maximum size used so far, i.e. from the application start to the point 
  81:core/stack_usage.c ****  *    where this function is called. 
  82:core/stack_usage.c ****  *
  83:core/stack_usage.c ****  * Params:
  84:core/stack_usage.c ****  *    [in] pid - The pid of the process to check. 
  85:core/stack_usage.c ****  *
  86:core/stack_usage.c ****  * Returns:
  87:core/stack_usage.c ****  *    The used fraction of the stack area specified in percent. 
  88:core/stack_usage.c ****  *
  89:core/stack_usage.c ****  ****************************************************************************/
  90:core/stack_usage.c **** tU8
  91:core/stack_usage.c **** osStackUsage(tU8 pid)
ARM GAS  /cygdrive/c/DOCUME~1/ANDERS~1/LOKALA~1/Temp/ccrwz2Ly.s 			page 3


  92:core/stack_usage.c **** {
  20              		.loc 1 92 0
  21 0000 10B5     		push	{r4, lr}
  22              	.LCFI0:
  23              		.loc 1 92 0
  24 0002 0006     		lsl	r0, r0, #24
  25 0004 000E     		lsr	r0, r0, #24
  26              	.LBB2:
  93:core/stack_usage.c ****   return readStackUsage(processControlBlocks[pid].pStkOrg, processControlBlocks[pid].stackSize);
  94:core/stack_usage.c **** }
  95:core/stack_usage.c **** 
  96:core/stack_usage.c **** 
  97:core/stack_usage.c **** /*****************************************************************************
  98:core/stack_usage.c ****  *
  99:core/stack_usage.c ****  * Description:
 100:core/stack_usage.c ****  *    This function creates the stack pattern. The stack pattern is used to 
 101:core/stack_usage.c ****  *    see how much of the stack that has not been used. 
 102:core/stack_usage.c ****  *
 103:core/stack_usage.c ****  * Params:
 104:core/stack_usage.c ****  *    [in] pStackArea - A pointer to a stack area. 
 105:core/stack_usage.c ****  *    [in] size       - The size of the stack area in bytes. 
 106:core/stack_usage.c ****  *
 107:core/stack_usage.c ****  ****************************************************************************/
 108:core/stack_usage.c **** void
 109:core/stack_usage.c **** createStackPattern(tU8* pStackArea,
 110:core/stack_usage.c ****                    tU16 size)
 111:core/stack_usage.c **** {
 112:core/stack_usage.c ****   tU16 i;
 113:core/stack_usage.c ****   for(i=0; i<size; i++)
 114:core/stack_usage.c ****   {
 115:core/stack_usage.c ****     pStackArea[i] = 0xAA;
 116:core/stack_usage.c ****   }
 117:core/stack_usage.c **** }
 118:core/stack_usage.c **** 
 119:core/stack_usage.c **** 
 120:core/stack_usage.c **** /*****************************************************************************
 121:core/stack_usage.c ****  *
 122:core/stack_usage.c ****  * Description:
 123:core/stack_usage.c ****  *    This function checks if the stack has grown past a specified limit. 
 124:core/stack_usage.c ****  *
 125:core/stack_usage.c ****  * Params:
 126:core/stack_usage.c ****  *    [in] pStackArea - A pointer to a stack area. 
 127:core/stack_usage.c ****  *    [in] size       - The size of the stack area in bytes. 
 128:core/stack_usage.c ****  *    [in] limit      - The limit is specified in percent of the total size of 
 129:core/stack_usage.c ****  *                      the stack area. 
 130:core/stack_usage.c ****  *
 131:core/stack_usage.c ****  * Returns:
 132:core/stack_usage.c ****  *    TRUE if the stack has grown past the specified limit, else FALSE. 
 133:core/stack_usage.c ****  *
 134:core/stack_usage.c ****  ****************************************************************************/
 135:core/stack_usage.c **** tBool
 136:core/stack_usage.c **** checkStackLimit(tU8* pStackArea,
 137:core/stack_usage.c ****                 tU16 size,
 138:core/stack_usage.c ****                 tU8  limit)
 139:core/stack_usage.c **** {
 140:core/stack_usage.c ****   tU8 i;
 141:core/stack_usage.c ****   tU8 * pTmp;
ARM GAS  /cygdrive/c/DOCUME~1/ANDERS~1/LOKALA~1/Temp/ccrwz2Ly.s 			page 4


 142:core/stack_usage.c ****   pTmp = pStackArea + (size*(100-limit))/100;
 143:core/stack_usage.c **** 
 144:core/stack_usage.c ****   for(i=0; i<20; pTmp--,i++)
 145:core/stack_usage.c ****   {
 146:core/stack_usage.c ****     if(*pTmp != 0xAA)
 147:core/stack_usage.c ****       break;
 148:core/stack_usage.c ****   }
 149:core/stack_usage.c **** 
 150:core/stack_usage.c ****   return i!=20;
 151:core/stack_usage.c **** }
 152:core/stack_usage.c **** 
 153:core/stack_usage.c **** /******************************************************************************
 154:core/stack_usage.c ****  * Implementation of local functions
 155:core/stack_usage.c ****  *****************************************************************************/
 156:core/stack_usage.c **** 
 157:core/stack_usage.c **** 
 158:core/stack_usage.c **** /*****************************************************************************
 159:core/stack_usage.c ****  *
 160:core/stack_usage.c ****  * Description:
 161:core/stack_usage.c ****  *    This function scans the stack to see how much of the stack that has been 
 162:core/stack_usage.c ****  *    used so far. 
 163:core/stack_usage.c ****  *
 164:core/stack_usage.c ****  * Params:
 165:core/stack_usage.c ****  *    [in] pStackArea - A pointer to a stack area. 
 166:core/stack_usage.c ****  *    [in] size       - The size of the stack area in bytes. 
 167:core/stack_usage.c ****  *
 168:core/stack_usage.c ****  * Returns:
 169:core/stack_usage.c ****  *    The used fraction of the stack specified in percent. 
 170:core/stack_usage.c ****  *
 171:core/stack_usage.c ****  ****************************************************************************/
 172:core/stack_usage.c **** static tU8
 173:core/stack_usage.c **** readStackUsage(tU8* pStackArea,
 174:core/stack_usage.c ****                tU16 size)
 175:core/stack_usage.c **** {
  27              		.loc 1 175 0
  28 0006 2823     		mov	r3, #40
  29 0008 4343     		mul	r3, r3, r0
  30 000a 0D4A     		ldr	r2, .L10
  31 000c 9B18     		add	r3, r3, r2
  32 000e 1A6A     		ldr	r2, [r3, #32]
  33 0010 998C     		ldrh	r1, [r3, #36]
  34              	.LBB3:
 176:core/stack_usage.c ****   tU16 i;
 177:core/stack_usage.c ****   tU32 tmp;
 178:core/stack_usage.c ****   tU8 * pBottom;
 179:core/stack_usage.c ****   tU8 * pTop;
 180:core/stack_usage.c ****   tU8 * pTmp;
 181:core/stack_usage.c ****   pTop = pStackArea;           
 182:core/stack_usage.c ****   pBottom = pStackArea + size; 
 183:core/stack_usage.c **** 
 184:core/stack_usage.c ****   for(pTmp=pTop,i=0; pTmp<pBottom; pTmp++)
  35              		.loc 1 184 0
  36 0012 0020     		mov	r0, #0
  37              		.loc 1 182 0
  38 0014 5418     		add	r4, r2, r1
  39              	.L9:
  40              		.loc 1 184 0
ARM GAS  /cygdrive/c/DOCUME~1/ANDERS~1/LOKALA~1/Temp/ccrwz2Ly.s 			page 5


  41 0016 A242     		cmp	r2, r4
  42 0018 07D2     		bcs	.L3
 185:core/stack_usage.c ****   {
 186:core/stack_usage.c ****     if(*pTmp != 0xAA)
  43              		.loc 1 186 0
  44 001a 1378     		ldrb	r3, [r2]
  45 001c AA2B     		cmp	r3, #170
  46 001e 04D1     		bne	.L3
 187:core/stack_usage.c ****       break;
 188:core/stack_usage.c ****     i++;
  47              		.loc 1 188 0
  48 0020 431C     		add	r3, r0, #1
  49 0022 1B04     		lsl	r3, r3, #16
  50 0024 180C     		lsr	r0, r3, #16
  51              		.loc 1 184 0
  52 0026 0132     		add	r2, r2, #1
  53 0028 F5E7     		b	.L9
  54              	.L3:
 189:core/stack_usage.c ****   }
 190:core/stack_usage.c **** 
 191:core/stack_usage.c ****   tmp = (tU32)(size-i)*100/size;  
  55              		.loc 1 191 0
  56 002a 0B1A     		sub	r3, r1, r0
  57 002c 6422     		mov	r2, #100
  58 002e 181C     		mov	r0, r3
  59 0030 5043     		mul	r0, r0, r2
  60 0032 FFF7FEFF 		bl	__udivsi3
  61              	.LBE3:
  62              	.LBE2:
  63              		.loc 1 175 0
  64 0036 0006     		lsl	r0, r0, #24
  65              		.loc 1 94 0
  66 0038 000E     		lsr	r0, r0, #24
  67              		@ sp needed for prologue
  68 003a 10BC     		pop	{r4}
  69 003c 02BC     		pop	{r1}
  70 003e 0847     		bx	r1
  71              	.L11:
  72              		.align	2
  73              	.L10:
  74 0040 00000000 		.word	processControlBlocks
  75              	.LFE2:
  76              		.size	osStackUsage, .-osStackUsage
  77              		.align	2
  78              		.global	createStackPattern
  79              		.code 16
  80              		.thumb_func
  81              		.type	createStackPattern, %function
  82              	createStackPattern:
  83              	.LFB3:
  84              		.loc 1 111 0
  85 0044 00B5     		push	{lr}
  86              	.LCFI1:
  87              		.loc 1 111 0
  88 0046 0904     		lsl	r1, r1, #16
  89 0048 090C     		lsr	r1, r1, #16
  90              		.loc 1 113 0
ARM GAS  /cygdrive/c/DOCUME~1/ANDERS~1/LOKALA~1/Temp/ccrwz2Ly.s 			page 6


  91 004a 0022     		mov	r2, #0
  92 004c 0029     		cmp	r1, #0
  93 004e 07D9     		bls	.L18
  94              	.L16:
  95              		.loc 1 115 0
  96 0050 5623     		mov	r3, #86
  97 0052 5B42     		neg	r3, r3
  98 0054 8354     		strb	r3, [r0, r2]
  99              		.loc 1 113 0
 100 0056 531C     		add	r3, r2, #1
 101 0058 1B04     		lsl	r3, r3, #16
 102 005a 1A0C     		lsr	r2, r3, #16
 103 005c 8A42     		cmp	r2, r1
 104 005e F7D3     		bcc	.L16
 105              	.L18:
 106              		@ sp needed for prologue
 107 0060 01BC     		pop	{r0}
 108 0062 0047     		bx	r0
 109              	.LFE3:
 110              		.size	createStackPattern, .-createStackPattern
 111              		.global	__divsi3
 112              		.align	2
 113              		.global	checkStackLimit
 114              		.code 16
 115              		.thumb_func
 116              		.type	checkStackLimit, %function
 117              	checkStackLimit:
 118              	.LFB4:
 119              		.loc 1 139 0
 120 0064 10B5     		push	{r4, lr}
 121              	.LCFI2:
 122              		.loc 1 139 0
 123 0066 1206     		lsl	r2, r2, #24
 124 0068 120E     		lsr	r2, r2, #24
 125 006a 0904     		lsl	r1, r1, #16
 126              		.loc 1 142 0
 127 006c 6423     		mov	r3, #100
 128 006e 9B1A     		sub	r3, r3, r2
 129              		.loc 1 139 0
 130 0070 090C     		lsr	r1, r1, #16
 131 0072 041C     		mov	r4, r0
 132              		.loc 1 142 0
 133 0074 181C     		mov	r0, r3
 134 0076 4843     		mul	r0, r0, r1
 135 0078 6421     		mov	r1, #100
 136 007a FFF7FEFF 		bl	__divsi3
 137              		.loc 1 144 0
 138 007e 0022     		mov	r2, #0
 139              		.loc 1 142 0
 140 0080 2418     		add	r4, r4, r0
 141              	.L24:
 142              		.loc 1 146 0
 143 0082 2378     		ldrb	r3, [r4]
 144 0084 AA2B     		cmp	r3, #170
 145 0086 05D1     		bne	.L21
 146              		.loc 1 144 0
 147 0088 531C     		add	r3, r2, #1
ARM GAS  /cygdrive/c/DOCUME~1/ANDERS~1/LOKALA~1/Temp/ccrwz2Ly.s 			page 7


 148 008a 1B06     		lsl	r3, r3, #24
 149 008c 1A0E     		lsr	r2, r3, #24
 150 008e 013C     		sub	r4, r4, #1
 151 0090 132A     		cmp	r2, #19
 152 0092 F6D9     		bls	.L24
 153              	.L21:
 154              		.loc 1 150 0
 155 0094 1423     		mov	r3, #20
 156 0096 5340     		eor	r3, r3, r2
 157 0098 5842     		neg	r0, r3
 158 009a 1843     		orr	r0, r0, r3
 159              		.loc 1 151 0
 160 009c C00F     		lsr	r0, r0, #31
 161              		@ sp needed for prologue
 162 009e 10BC     		pop	{r4}
 163 00a0 02BC     		pop	{r1}
 164 00a2 0847     		bx	r1
 165              	.LFE4:
 166              		.size	checkStackLimit, .-checkStackLimit
 167              		.section	.debug_frame,"",%progbits
 168              	.Lframe0:
 169 0000 0C000000 		.4byte	.LECIE0-.LSCIE0
 170              	.LSCIE0:
 171 0004 FFFFFFFF 		.4byte	0xffffffff
 172 0008 01       		.byte	0x1
 173 0009 00       		.ascii	"\000"
 174 000a 01       		.uleb128 0x1
 175 000b 7C       		.sleb128 -4
 176 000c 0E       		.byte	0xe
 177 000d 0C       		.byte	0xc
 178 000e 0D       		.uleb128 0xd
 179 000f 00       		.uleb128 0x0
 180              		.align	2
 181              	.LECIE0:
 182              	.LSFDE0:
 183 0010 14000000 		.4byte	.LEFDE0-.LASFDE0
 184              	.LASFDE0:
 185 0014 00000000 		.4byte	.Lframe0
 186 0018 00000000 		.4byte	.LFB2
 187 001c 44000000 		.4byte	.LFE2-.LFB2
 188 0020 42       		.byte	0x4
 189              		.4byte	.LCFI0-.LFB2
 190 0021 0E       		.byte	0xe
 191 0022 08       		.uleb128 0x8
 192 0023 84       		.byte	0x84
 193 0024 02       		.uleb128 0x2
 194 0025 8E       		.byte	0x8e
 195 0026 01       		.uleb128 0x1
 196 0027 00       		.align	2
 197              	.LEFDE0:
 198              	.LSFDE2:
 199 0028 14000000 		.4byte	.LEFDE2-.LASFDE2
 200              	.LASFDE2:
 201 002c 00000000 		.4byte	.Lframe0
 202 0030 44000000 		.4byte	.LFB3
 203 0034 20000000 		.4byte	.LFE3-.LFB3
 204 0038 42       		.byte	0x4
ARM GAS  /cygdrive/c/DOCUME~1/ANDERS~1/LOKALA~1/Temp/ccrwz2Ly.s 			page 8


 205              		.4byte	.LCFI1-.LFB3
 206 0039 0E       		.byte	0xe
 207 003a 04       		.uleb128 0x4
 208 003b 8E       		.byte	0x8e
 209 003c 01       		.uleb128 0x1
 210 003d 000000   		.align	2
 211              	.LEFDE2:
 212              	.LSFDE4:
 213 0040 14000000 		.4byte	.LEFDE4-.LASFDE4
 214              	.LASFDE4:
 215 0044 00000000 		.4byte	.Lframe0
 216 0048 64000000 		.4byte	.LFB4
 217 004c 40000000 		.4byte	.LFE4-.LFB4
 218 0050 42       		.byte	0x4
 219              		.4byte	.LCFI2-.LFB4
 220 0051 0E       		.byte	0xe
 221 0052 08       		.uleb128 0x8
 222 0053 84       		.byte	0x84
 223 0054 02       		.uleb128 0x2
 224 0055 8E       		.byte	0x8e
 225 0056 01       		.uleb128 0x1
 226 0057 00       		.align	2
 227              	.LEFDE4:
 228              		.file 2 "core/../api/general.h"
 229              		.file 3 "core/kernel.h"
 230              		.file 4 "core/pcb.h"
 231              		.text
 232              	.Letext0:
 233              		.section	.debug_info
 234 0000 CB020000 		.4byte	0x2cb
 235 0004 0200     		.2byte	0x2
 236 0006 00000000 		.4byte	.Ldebug_abbrev0
 237 000a 04       		.byte	0x4
 238 000b 01       		.uleb128 0x1
 239 000c 00000000 		.4byte	.Ldebug_line0
 240 0010 A4000000 		.4byte	.Letext0
 241 0014 00000000 		.4byte	.Ltext0
 242 0018 09010000 		.4byte	.LASF31
 243 001c 01       		.byte	0x1
 244 001d 00000000 		.4byte	.LASF32
 245 0021 15010000 		.4byte	.LASF33
 246 0025 02       		.uleb128 0x2
 247 0026 74553800 		.ascii	"tU8\000"
 248 002a 02       		.byte	0x2
 249 002b 47       		.byte	0x47
 250 002c 30000000 		.4byte	0x30
 251 0030 03       		.uleb128 0x3
 252 0031 D9000000 		.4byte	.LASF1
 253 0035 01       		.byte	0x1
 254 0036 08       		.byte	0x8
 255 0037 04       		.uleb128 0x4
 256 0038 ED010000 		.4byte	.LASF0
 257 003c 02       		.byte	0x2
 258 003d 48       		.byte	0x48
 259 003e 42000000 		.4byte	0x42
 260 0042 03       		.uleb128 0x3
 261 0043 BF010000 		.4byte	.LASF2
ARM GAS  /cygdrive/c/DOCUME~1/ANDERS~1/LOKALA~1/Temp/ccrwz2Ly.s 			page 9


 262 0047 02       		.byte	0x2
 263 0048 07       		.byte	0x7
 264 0049 04       		.uleb128 0x4
 265 004a 27000000 		.4byte	.LASF3
 266 004e 02       		.byte	0x2
 267 004f 49       		.byte	0x49
 268 0050 54000000 		.4byte	0x54
 269 0054 03       		.uleb128 0x3
 270 0055 13000000 		.4byte	.LASF4
 271 0059 04       		.byte	0x4
 272 005a 07       		.byte	0x7
 273 005b 03       		.uleb128 0x3
 274 005c D2010000 		.4byte	.LASF5
 275 0060 01       		.byte	0x1
 276 0061 06       		.byte	0x6
 277 0062 03       		.uleb128 0x3
 278 0063 F8010000 		.4byte	.LASF6
 279 0067 02       		.byte	0x2
 280 0068 05       		.byte	0x5
 281 0069 05       		.uleb128 0x5
 282 006a 696E7400 		.ascii	"int\000"
 283 006e 04       		.byte	0x4
 284 006f 05       		.byte	0x5
 285 0070 04       		.uleb128 0x4
 286 0071 F2010000 		.4byte	.LASF7
 287 0075 02       		.byte	0x2
 288 0076 4D       		.byte	0x4d
 289 0077 30000000 		.4byte	0x30
 290 007b 06       		.uleb128 0x6
 291 007c 30010000 		.4byte	0x130
 292 0080 E3010000 		.4byte	.LASF34
 293 0084 28       		.byte	0x28
 294 0085 04       		.byte	0x4
 295 0086 4D       		.byte	0x4d
 296 0087 07       		.uleb128 0x7
 297 0088 02020000 		.4byte	.LASF8
 298 008c 04       		.byte	0x4
 299 008d 4E       		.byte	0x4e
 300 008e 30010000 		.4byte	0x130
 301 0092 02       		.byte	0x2
 302 0093 23       		.byte	0x23
 303 0094 00       		.uleb128 0x0
 304 0095 07       		.uleb128 0x7
 305 0096 4F000000 		.4byte	.LASF9
 306 009a 04       		.byte	0x4
 307 009b 4F       		.byte	0x4f
 308 009c 36010000 		.4byte	0x136
 309 00a0 02       		.byte	0x2
 310 00a1 23       		.byte	0x23
 311 00a2 04       		.uleb128 0x4
 312 00a3 07       		.uleb128 0x7
 313 00a4 07020000 		.4byte	.LASF10
 314 00a8 04       		.byte	0x4
 315 00a9 50       		.byte	0x50
 316 00aa 36010000 		.4byte	0x136
 317 00ae 02       		.byte	0x2
 318 00af 23       		.byte	0x23
ARM GAS  /cygdrive/c/DOCUME~1/ANDERS~1/LOKALA~1/Temp/ccrwz2Ly.s 			page 10


 319 00b0 08       		.uleb128 0x8
 320 00b1 07       		.uleb128 0x7
 321 00b2 E7000000 		.4byte	.LASF11
 322 00b6 04       		.byte	0x4
 323 00b7 51       		.byte	0x51
 324 00b8 36010000 		.4byte	0x136
 325 00bc 02       		.byte	0x2
 326 00bd 23       		.byte	0x23
 327 00be 0C       		.uleb128 0xc
 328 00bf 07       		.uleb128 0x7
 329 00c0 2C000000 		.4byte	.LASF12
 330 00c4 04       		.byte	0x4
 331 00c5 52       		.byte	0x52
 332 00c6 36010000 		.4byte	0x136
 333 00ca 02       		.byte	0x2
 334 00cb 23       		.byte	0x23
 335 00cc 10       		.uleb128 0x10
 336 00cd 07       		.uleb128 0x7
 337 00ce 40000000 		.4byte	.LASF13
 338 00d2 04       		.byte	0x4
 339 00d3 53       		.byte	0x53
 340 00d4 36010000 		.4byte	0x136
 341 00d8 02       		.byte	0x2
 342 00d9 23       		.byte	0x23
 343 00da 14       		.uleb128 0x14
 344 00db 08       		.uleb128 0x8
 345 00dc 70696400 		.ascii	"pid\000"
 346 00e0 04       		.byte	0x4
 347 00e1 54       		.byte	0x54
 348 00e2 25000000 		.4byte	0x25
 349 00e6 02       		.byte	0x2
 350 00e7 23       		.byte	0x23
 351 00e8 18       		.uleb128 0x18
 352 00e9 07       		.uleb128 0x7
 353 00ea 8F000000 		.4byte	.LASF14
 354 00ee 04       		.byte	0x4
 355 00ef 55       		.byte	0x55
 356 00f0 25000000 		.4byte	0x25
 357 00f4 02       		.byte	0x2
 358 00f5 23       		.byte	0x23
 359 00f6 19       		.uleb128 0x19
 360 00f7 07       		.uleb128 0x7
 361 00f8 8A000000 		.4byte	.LASF15
 362 00fc 04       		.byte	0x4
 363 00fd 56       		.byte	0x56
 364 00fe 25000000 		.4byte	0x25
 365 0102 02       		.byte	0x2
 366 0103 23       		.byte	0x23
 367 0104 1A       		.uleb128 0x1a
 368 0105 07       		.uleb128 0x7
 369 0106 03010000 		.4byte	.LASF16
 370 010a 04       		.byte	0x4
 371 010b 57       		.byte	0x57
 372 010c 49000000 		.4byte	0x49
 373 0110 02       		.byte	0x2
 374 0111 23       		.byte	0x23
 375 0112 1C       		.uleb128 0x1c
ARM GAS  /cygdrive/c/DOCUME~1/ANDERS~1/LOKALA~1/Temp/ccrwz2Ly.s 			page 11


 376 0113 07       		.uleb128 0x7
 377 0114 FB000000 		.4byte	.LASF17
 378 0118 04       		.byte	0x4
 379 0119 5A       		.byte	0x5a
 380 011a 30010000 		.4byte	0x130
 381 011e 02       		.byte	0x2
 382 011f 23       		.byte	0x23
 383 0120 20       		.uleb128 0x20
 384 0121 07       		.uleb128 0x7
 385 0122 68000000 		.4byte	.LASF18
 386 0126 04       		.byte	0x4
 387 0127 5B       		.byte	0x5b
 388 0128 37000000 		.4byte	0x37
 389 012c 02       		.byte	0x2
 390 012d 23       		.byte	0x23
 391 012e 24       		.uleb128 0x24
 392 012f 00       		.byte	0x0
 393 0130 09       		.uleb128 0x9
 394 0131 04       		.byte	0x4
 395 0132 25000000 		.4byte	0x25
 396 0136 09       		.uleb128 0x9
 397 0137 04       		.byte	0x4
 398 0138 7B000000 		.4byte	0x7b
 399 013c 04       		.uleb128 0x4
 400 013d 20000000 		.4byte	.LASF19
 401 0141 04       		.byte	0x4
 402 0142 5D       		.byte	0x5d
 403 0143 7B000000 		.4byte	0x7b
 404 0147 0A       		.uleb128 0xa
 405 0148 B5010000 		.4byte	0x1b5
 406 014c 01       		.byte	0x1
 407 014d A9000000 		.4byte	.LASF25
 408 0151 01       		.byte	0x1
 409 0152 5C       		.byte	0x5c
 410 0153 01       		.byte	0x1
 411 0154 25000000 		.4byte	0x25
 412 0158 00000000 		.4byte	.LFB2
 413 015c 44000000 		.4byte	.LFE2
 414 0160 01       		.byte	0x1
 415 0161 5D       		.byte	0x5d
 416 0162 0B       		.uleb128 0xb
 417 0163 70696400 		.ascii	"pid\000"
 418 0167 01       		.byte	0x1
 419 0168 5B       		.byte	0x5b
 420 0169 25000000 		.4byte	0x25
 421 016d 01       		.byte	0x1
 422 016e 50       		.byte	0x50
 423 016f 0C       		.uleb128 0xc
 424 0170 B5010000 		.4byte	0x1b5
 425 0174 06000000 		.4byte	.LBB2
 426 0178 36000000 		.4byte	.LBE2
 427 017c 0D       		.uleb128 0xd
 428 017d C6010000 		.4byte	0x1c6
 429 0181 01       		.byte	0x1
 430 0182 52       		.byte	0x52
 431 0183 0D       		.uleb128 0xd
 432 0184 D1010000 		.4byte	0x1d1
ARM GAS  /cygdrive/c/DOCUME~1/ANDERS~1/LOKALA~1/Temp/ccrwz2Ly.s 			page 12


 433 0188 01       		.byte	0x1
 434 0189 51       		.byte	0x51
 435 018a 0E       		.uleb128 0xe
 436 018b 12000000 		.4byte	.LBB3
 437 018f 36000000 		.4byte	.LBE3
 438 0193 0F       		.uleb128 0xf
 439 0194 DC010000 		.4byte	0x1dc
 440 0198 01       		.byte	0x1
 441 0199 50       		.byte	0x50
 442 019a 10       		.uleb128 0x10
 443 019b E5010000 		.4byte	0x1e5
 444 019f 0F       		.uleb128 0xf
 445 01a0 F0010000 		.4byte	0x1f0
 446 01a4 01       		.byte	0x1
 447 01a5 54       		.byte	0x54
 448 01a6 10       		.uleb128 0x10
 449 01a7 FB010000 		.4byte	0x1fb
 450 01ab 0F       		.uleb128 0xf
 451 01ac 06020000 		.4byte	0x206
 452 01b0 01       		.byte	0x1
 453 01b1 52       		.byte	0x52
 454 01b2 00       		.byte	0x0
 455 01b3 00       		.byte	0x0
 456 01b4 00       		.byte	0x0
 457 01b5 11       		.uleb128 0x11
 458 01b6 12020000 		.4byte	0x212
 459 01ba A8010000 		.4byte	.LASF35
 460 01be 01       		.byte	0x1
 461 01bf AF       		.byte	0xaf
 462 01c0 01       		.byte	0x1
 463 01c1 25000000 		.4byte	0x25
 464 01c5 01       		.byte	0x1
 465 01c6 12       		.uleb128 0x12
 466 01c7 20020000 		.4byte	.LASF20
 467 01cb 01       		.byte	0x1
 468 01cc AD       		.byte	0xad
 469 01cd 30010000 		.4byte	0x130
 470 01d1 12       		.uleb128 0x12
 471 01d2 DE010000 		.4byte	.LASF21
 472 01d6 01       		.byte	0x1
 473 01d7 AE       		.byte	0xae
 474 01d8 37000000 		.4byte	0x37
 475 01dc 13       		.uleb128 0x13
 476 01dd 6900     		.ascii	"i\000"
 477 01df 01       		.byte	0x1
 478 01e0 B0       		.byte	0xb0
 479 01e1 37000000 		.4byte	0x37
 480 01e5 13       		.uleb128 0x13
 481 01e6 746D7000 		.ascii	"tmp\000"
 482 01ea 01       		.byte	0x1
 483 01eb B1       		.byte	0xb1
 484 01ec 49000000 		.4byte	0x49
 485 01f0 14       		.uleb128 0x14
 486 01f1 B7010000 		.4byte	.LASF22
 487 01f5 01       		.byte	0x1
 488 01f6 B2       		.byte	0xb2
 489 01f7 30010000 		.4byte	0x130
ARM GAS  /cygdrive/c/DOCUME~1/ANDERS~1/LOKALA~1/Temp/ccrwz2Ly.s 			page 13


 490 01fb 14       		.uleb128 0x14
 491 01fc 1B020000 		.4byte	.LASF23
 492 0200 01       		.byte	0x1
 493 0201 B3       		.byte	0xb3
 494 0202 30010000 		.4byte	0x130
 495 0206 14       		.uleb128 0x14
 496 0207 63000000 		.4byte	.LASF24
 497 020b 01       		.byte	0x1
 498 020c B4       		.byte	0xb4
 499 020d 30010000 		.4byte	0x130
 500 0211 00       		.byte	0x0
 501 0212 15       		.uleb128 0x15
 502 0213 4F020000 		.4byte	0x24f
 503 0217 01       		.byte	0x1
 504 0218 C6000000 		.4byte	.LASF26
 505 021c 01       		.byte	0x1
 506 021d 6F       		.byte	0x6f
 507 021e 01       		.byte	0x1
 508 021f 44000000 		.4byte	.LFB3
 509 0223 64000000 		.4byte	.LFE3
 510 0227 01       		.byte	0x1
 511 0228 5D       		.byte	0x5d
 512 0229 16       		.uleb128 0x16
 513 022a 20020000 		.4byte	.LASF20
 514 022e 01       		.byte	0x1
 515 022f 6D       		.byte	0x6d
 516 0230 30010000 		.4byte	0x130
 517 0234 01       		.byte	0x1
 518 0235 50       		.byte	0x50
 519 0236 16       		.uleb128 0x16
 520 0237 DE010000 		.4byte	.LASF21
 521 023b 01       		.byte	0x1
 522 023c 6E       		.byte	0x6e
 523 023d 37000000 		.4byte	0x37
 524 0241 01       		.byte	0x1
 525 0242 51       		.byte	0x51
 526 0243 17       		.uleb128 0x17
 527 0244 6900     		.ascii	"i\000"
 528 0246 01       		.byte	0x1
 529 0247 70       		.byte	0x70
 530 0248 37000000 		.4byte	0x37
 531 024c 01       		.byte	0x1
 532 024d 52       		.byte	0x52
 533 024e 00       		.byte	0x0
 534 024f 0A       		.uleb128 0xa
 535 0250 AA020000 		.4byte	0x2aa
 536 0254 01       		.byte	0x1
 537 0255 B6000000 		.4byte	.LASF27
 538 0259 01       		.byte	0x1
 539 025a 8B       		.byte	0x8b
 540 025b 01       		.byte	0x1
 541 025c 70000000 		.4byte	0x70
 542 0260 64000000 		.4byte	.LFB4
 543 0264 A4000000 		.4byte	.LFE4
 544 0268 01       		.byte	0x1
 545 0269 5D       		.byte	0x5d
 546 026a 16       		.uleb128 0x16
ARM GAS  /cygdrive/c/DOCUME~1/ANDERS~1/LOKALA~1/Temp/ccrwz2Ly.s 			page 14


 547 026b 20020000 		.4byte	.LASF20
 548 026f 01       		.byte	0x1
 549 0270 88       		.byte	0x88
 550 0271 30010000 		.4byte	0x130
 551 0275 01       		.byte	0x1
 552 0276 54       		.byte	0x54
 553 0277 16       		.uleb128 0x16
 554 0278 DE010000 		.4byte	.LASF21
 555 027c 01       		.byte	0x1
 556 027d 89       		.byte	0x89
 557 027e 37000000 		.4byte	0x37
 558 0282 01       		.byte	0x1
 559 0283 51       		.byte	0x51
 560 0284 16       		.uleb128 0x16
 561 0285 84000000 		.4byte	.LASF28
 562 0289 01       		.byte	0x1
 563 028a 8A       		.byte	0x8a
 564 028b 25000000 		.4byte	0x25
 565 028f 01       		.byte	0x1
 566 0290 52       		.byte	0x52
 567 0291 17       		.uleb128 0x17
 568 0292 6900     		.ascii	"i\000"
 569 0294 01       		.byte	0x1
 570 0295 8C       		.byte	0x8c
 571 0296 25000000 		.4byte	0x25
 572 029a 01       		.byte	0x1
 573 029b 52       		.byte	0x52
 574 029c 18       		.uleb128 0x18
 575 029d 63000000 		.4byte	.LASF24
 576 02a1 01       		.byte	0x1
 577 02a2 8D       		.byte	0x8d
 578 02a3 30010000 		.4byte	0x130
 579 02a7 01       		.byte	0x1
 580 02a8 54       		.byte	0x54
 581 02a9 00       		.byte	0x0
 582 02aa 19       		.uleb128 0x19
 583 02ab BA020000 		.4byte	0x2ba
 584 02af 3C010000 		.4byte	0x13c
 585 02b3 1A       		.uleb128 0x1a
 586 02b4 BA020000 		.4byte	0x2ba
 587 02b8 05       		.byte	0x5
 588 02b9 00       		.byte	0x0
 589 02ba 03       		.uleb128 0x3
 590 02bb 72000000 		.4byte	.LASF29
 591 02bf 04       		.byte	0x4
 592 02c0 07       		.byte	0x7
 593 02c1 1B       		.uleb128 0x1b
 594 02c2 94000000 		.4byte	.LASF30
 595 02c6 03       		.byte	0x3
 596 02c7 51       		.byte	0x51
 597 02c8 AA020000 		.4byte	0x2aa
 598 02cc 01       		.byte	0x1
 599 02cd 01       		.byte	0x1
 600 02ce 00       		.byte	0x0
 601              		.section	.debug_abbrev
 602 0000 01       		.uleb128 0x1
 603 0001 11       		.uleb128 0x11
ARM GAS  /cygdrive/c/DOCUME~1/ANDERS~1/LOKALA~1/Temp/ccrwz2Ly.s 			page 15


 604 0002 01       		.byte	0x1
 605 0003 10       		.uleb128 0x10
 606 0004 06       		.uleb128 0x6
 607 0005 12       		.uleb128 0x12
 608 0006 01       		.uleb128 0x1
 609 0007 11       		.uleb128 0x11
 610 0008 01       		.uleb128 0x1
 611 0009 25       		.uleb128 0x25
 612 000a 0E       		.uleb128 0xe
 613 000b 13       		.uleb128 0x13
 614 000c 0B       		.uleb128 0xb
 615 000d 03       		.uleb128 0x3
 616 000e 0E       		.uleb128 0xe
 617 000f 1B       		.uleb128 0x1b
 618 0010 0E       		.uleb128 0xe
 619 0011 00       		.byte	0x0
 620 0012 00       		.byte	0x0
 621 0013 02       		.uleb128 0x2
 622 0014 16       		.uleb128 0x16
 623 0015 00       		.byte	0x0
 624 0016 03       		.uleb128 0x3
 625 0017 08       		.uleb128 0x8
 626 0018 3A       		.uleb128 0x3a
 627 0019 0B       		.uleb128 0xb
 628 001a 3B       		.uleb128 0x3b
 629 001b 0B       		.uleb128 0xb
 630 001c 49       		.uleb128 0x49
 631 001d 13       		.uleb128 0x13
 632 001e 00       		.byte	0x0
 633 001f 00       		.byte	0x0
 634 0020 03       		.uleb128 0x3
 635 0021 24       		.uleb128 0x24
 636 0022 00       		.byte	0x0
 637 0023 03       		.uleb128 0x3
 638 0024 0E       		.uleb128 0xe
 639 0025 0B       		.uleb128 0xb
 640 0026 0B       		.uleb128 0xb
 641 0027 3E       		.uleb128 0x3e
 642 0028 0B       		.uleb128 0xb
 643 0029 00       		.byte	0x0
 644 002a 00       		.byte	0x0
 645 002b 04       		.uleb128 0x4
 646 002c 16       		.uleb128 0x16
 647 002d 00       		.byte	0x0
 648 002e 03       		.uleb128 0x3
 649 002f 0E       		.uleb128 0xe
 650 0030 3A       		.uleb128 0x3a
 651 0031 0B       		.uleb128 0xb
 652 0032 3B       		.uleb128 0x3b
 653 0033 0B       		.uleb128 0xb
 654 0034 49       		.uleb128 0x49
 655 0035 13       		.uleb128 0x13
 656 0036 00       		.byte	0x0
 657 0037 00       		.byte	0x0
 658 0038 05       		.uleb128 0x5
 659 0039 24       		.uleb128 0x24
 660 003a 00       		.byte	0x0
ARM GAS  /cygdrive/c/DOCUME~1/ANDERS~1/LOKALA~1/Temp/ccrwz2Ly.s 			page 16


 661 003b 03       		.uleb128 0x3
 662 003c 08       		.uleb128 0x8
 663 003d 0B       		.uleb128 0xb
 664 003e 0B       		.uleb128 0xb
 665 003f 3E       		.uleb128 0x3e
 666 0040 0B       		.uleb128 0xb
 667 0041 00       		.byte	0x0
 668 0042 00       		.byte	0x0
 669 0043 06       		.uleb128 0x6
 670 0044 13       		.uleb128 0x13
 671 0045 01       		.byte	0x1
 672 0046 01       		.uleb128 0x1
 673 0047 13       		.uleb128 0x13
 674 0048 03       		.uleb128 0x3
 675 0049 0E       		.uleb128 0xe
 676 004a 0B       		.uleb128 0xb
 677 004b 0B       		.uleb128 0xb
 678 004c 3A       		.uleb128 0x3a
 679 004d 0B       		.uleb128 0xb
 680 004e 3B       		.uleb128 0x3b
 681 004f 0B       		.uleb128 0xb
 682 0050 00       		.byte	0x0
 683 0051 00       		.byte	0x0
 684 0052 07       		.uleb128 0x7
 685 0053 0D       		.uleb128 0xd
 686 0054 00       		.byte	0x0
 687 0055 03       		.uleb128 0x3
 688 0056 0E       		.uleb128 0xe
 689 0057 3A       		.uleb128 0x3a
 690 0058 0B       		.uleb128 0xb
 691 0059 3B       		.uleb128 0x3b
 692 005a 0B       		.uleb128 0xb
 693 005b 49       		.uleb128 0x49
 694 005c 13       		.uleb128 0x13
 695 005d 38       		.uleb128 0x38
 696 005e 0A       		.uleb128 0xa
 697 005f 00       		.byte	0x0
 698 0060 00       		.byte	0x0
 699 0061 08       		.uleb128 0x8
 700 0062 0D       		.uleb128 0xd
 701 0063 00       		.byte	0x0
 702 0064 03       		.uleb128 0x3
 703 0065 08       		.uleb128 0x8
 704 0066 3A       		.uleb128 0x3a
 705 0067 0B       		.uleb128 0xb
 706 0068 3B       		.uleb128 0x3b
 707 0069 0B       		.uleb128 0xb
 708 006a 49       		.uleb128 0x49
 709 006b 13       		.uleb128 0x13
 710 006c 38       		.uleb128 0x38
 711 006d 0A       		.uleb128 0xa
 712 006e 00       		.byte	0x0
 713 006f 00       		.byte	0x0
 714 0070 09       		.uleb128 0x9
 715 0071 0F       		.uleb128 0xf
 716 0072 00       		.byte	0x0
 717 0073 0B       		.uleb128 0xb
ARM GAS  /cygdrive/c/DOCUME~1/ANDERS~1/LOKALA~1/Temp/ccrwz2Ly.s 			page 17


 718 0074 0B       		.uleb128 0xb
 719 0075 49       		.uleb128 0x49
 720 0076 13       		.uleb128 0x13
 721 0077 00       		.byte	0x0
 722 0078 00       		.byte	0x0
 723 0079 0A       		.uleb128 0xa
 724 007a 2E       		.uleb128 0x2e
 725 007b 01       		.byte	0x1
 726 007c 01       		.uleb128 0x1
 727 007d 13       		.uleb128 0x13
 728 007e 3F       		.uleb128 0x3f
 729 007f 0C       		.uleb128 0xc
 730 0080 03       		.uleb128 0x3
 731 0081 0E       		.uleb128 0xe
 732 0082 3A       		.uleb128 0x3a
 733 0083 0B       		.uleb128 0xb
 734 0084 3B       		.uleb128 0x3b
 735 0085 0B       		.uleb128 0xb
 736 0086 27       		.uleb128 0x27
 737 0087 0C       		.uleb128 0xc
 738 0088 49       		.uleb128 0x49
 739 0089 13       		.uleb128 0x13
 740 008a 11       		.uleb128 0x11
 741 008b 01       		.uleb128 0x1
 742 008c 12       		.uleb128 0x12
 743 008d 01       		.uleb128 0x1
 744 008e 40       		.uleb128 0x40
 745 008f 0A       		.uleb128 0xa
 746 0090 00       		.byte	0x0
 747 0091 00       		.byte	0x0
 748 0092 0B       		.uleb128 0xb
 749 0093 05       		.uleb128 0x5
 750 0094 00       		.byte	0x0
 751 0095 03       		.uleb128 0x3
 752 0096 08       		.uleb128 0x8
 753 0097 3A       		.uleb128 0x3a
 754 0098 0B       		.uleb128 0xb
 755 0099 3B       		.uleb128 0x3b
 756 009a 0B       		.uleb128 0xb
 757 009b 49       		.uleb128 0x49
 758 009c 13       		.uleb128 0x13
 759 009d 02       		.uleb128 0x2
 760 009e 0A       		.uleb128 0xa
 761 009f 00       		.byte	0x0
 762 00a0 00       		.byte	0x0
 763 00a1 0C       		.uleb128 0xc
 764 00a2 1D       		.uleb128 0x1d
 765 00a3 01       		.byte	0x1
 766 00a4 31       		.uleb128 0x31
 767 00a5 13       		.uleb128 0x13
 768 00a6 11       		.uleb128 0x11
 769 00a7 01       		.uleb128 0x1
 770 00a8 12       		.uleb128 0x12
 771 00a9 01       		.uleb128 0x1
 772 00aa 00       		.byte	0x0
 773 00ab 00       		.byte	0x0
 774 00ac 0D       		.uleb128 0xd
ARM GAS  /cygdrive/c/DOCUME~1/ANDERS~1/LOKALA~1/Temp/ccrwz2Ly.s 			page 18


 775 00ad 05       		.uleb128 0x5
 776 00ae 00       		.byte	0x0
 777 00af 31       		.uleb128 0x31
 778 00b0 13       		.uleb128 0x13
 779 00b1 02       		.uleb128 0x2
 780 00b2 0A       		.uleb128 0xa
 781 00b3 00       		.byte	0x0
 782 00b4 00       		.byte	0x0
 783 00b5 0E       		.uleb128 0xe
 784 00b6 0B       		.uleb128 0xb
 785 00b7 01       		.byte	0x1
 786 00b8 11       		.uleb128 0x11
 787 00b9 01       		.uleb128 0x1
 788 00ba 12       		.uleb128 0x12
 789 00bb 01       		.uleb128 0x1
 790 00bc 00       		.byte	0x0
 791 00bd 00       		.byte	0x0
 792 00be 0F       		.uleb128 0xf
 793 00bf 34       		.uleb128 0x34
 794 00c0 00       		.byte	0x0
 795 00c1 31       		.uleb128 0x31
 796 00c2 13       		.uleb128 0x13
 797 00c3 02       		.uleb128 0x2
 798 00c4 0A       		.uleb128 0xa
 799 00c5 00       		.byte	0x0
 800 00c6 00       		.byte	0x0
 801 00c7 10       		.uleb128 0x10
 802 00c8 34       		.uleb128 0x34
 803 00c9 00       		.byte	0x0
 804 00ca 31       		.uleb128 0x31
 805 00cb 13       		.uleb128 0x13
 806 00cc 00       		.byte	0x0
 807 00cd 00       		.byte	0x0
 808 00ce 11       		.uleb128 0x11
 809 00cf 2E       		.uleb128 0x2e
 810 00d0 01       		.byte	0x1
 811 00d1 01       		.uleb128 0x1
 812 00d2 13       		.uleb128 0x13
 813 00d3 03       		.uleb128 0x3
 814 00d4 0E       		.uleb128 0xe
 815 00d5 3A       		.uleb128 0x3a
 816 00d6 0B       		.uleb128 0xb
 817 00d7 3B       		.uleb128 0x3b
 818 00d8 0B       		.uleb128 0xb
 819 00d9 27       		.uleb128 0x27
 820 00da 0C       		.uleb128 0xc
 821 00db 49       		.uleb128 0x49
 822 00dc 13       		.uleb128 0x13
 823 00dd 20       		.uleb128 0x20
 824 00de 0B       		.uleb128 0xb
 825 00df 00       		.byte	0x0
 826 00e0 00       		.byte	0x0
 827 00e1 12       		.uleb128 0x12
 828 00e2 05       		.uleb128 0x5
 829 00e3 00       		.byte	0x0
 830 00e4 03       		.uleb128 0x3
 831 00e5 0E       		.uleb128 0xe
ARM GAS  /cygdrive/c/DOCUME~1/ANDERS~1/LOKALA~1/Temp/ccrwz2Ly.s 			page 19


 832 00e6 3A       		.uleb128 0x3a
 833 00e7 0B       		.uleb128 0xb
 834 00e8 3B       		.uleb128 0x3b
 835 00e9 0B       		.uleb128 0xb
 836 00ea 49       		.uleb128 0x49
 837 00eb 13       		.uleb128 0x13
 838 00ec 00       		.byte	0x0
 839 00ed 00       		.byte	0x0
 840 00ee 13       		.uleb128 0x13
 841 00ef 34       		.uleb128 0x34
 842 00f0 00       		.byte	0x0
 843 00f1 03       		.uleb128 0x3
 844 00f2 08       		.uleb128 0x8
 845 00f3 3A       		.uleb128 0x3a
 846 00f4 0B       		.uleb128 0xb
 847 00f5 3B       		.uleb128 0x3b
 848 00f6 0B       		.uleb128 0xb
 849 00f7 49       		.uleb128 0x49
 850 00f8 13       		.uleb128 0x13
 851 00f9 00       		.byte	0x0
 852 00fa 00       		.byte	0x0
 853 00fb 14       		.uleb128 0x14
 854 00fc 34       		.uleb128 0x34
 855 00fd 00       		.byte	0x0
 856 00fe 03       		.uleb128 0x3
 857 00ff 0E       		.uleb128 0xe
 858 0100 3A       		.uleb128 0x3a
 859 0101 0B       		.uleb128 0xb
 860 0102 3B       		.uleb128 0x3b
 861 0103 0B       		.uleb128 0xb
 862 0104 49       		.uleb128 0x49
 863 0105 13       		.uleb128 0x13
 864 0106 00       		.byte	0x0
 865 0107 00       		.byte	0x0
 866 0108 15       		.uleb128 0x15
 867 0109 2E       		.uleb128 0x2e
 868 010a 01       		.byte	0x1
 869 010b 01       		.uleb128 0x1
 870 010c 13       		.uleb128 0x13
 871 010d 3F       		.uleb128 0x3f
 872 010e 0C       		.uleb128 0xc
 873 010f 03       		.uleb128 0x3
 874 0110 0E       		.uleb128 0xe
 875 0111 3A       		.uleb128 0x3a
 876 0112 0B       		.uleb128 0xb
 877 0113 3B       		.uleb128 0x3b
 878 0114 0B       		.uleb128 0xb
 879 0115 27       		.uleb128 0x27
 880 0116 0C       		.uleb128 0xc
 881 0117 11       		.uleb128 0x11
 882 0118 01       		.uleb128 0x1
 883 0119 12       		.uleb128 0x12
 884 011a 01       		.uleb128 0x1
 885 011b 40       		.uleb128 0x40
 886 011c 0A       		.uleb128 0xa
 887 011d 00       		.byte	0x0
 888 011e 00       		.byte	0x0
ARM GAS  /cygdrive/c/DOCUME~1/ANDERS~1/LOKALA~1/Temp/ccrwz2Ly.s 			page 20


 889 011f 16       		.uleb128 0x16
 890 0120 05       		.uleb128 0x5
 891 0121 00       		.byte	0x0
 892 0122 03       		.uleb128 0x3
 893 0123 0E       		.uleb128 0xe
 894 0124 3A       		.uleb128 0x3a
 895 0125 0B       		.uleb128 0xb
 896 0126 3B       		.uleb128 0x3b
 897 0127 0B       		.uleb128 0xb
 898 0128 49       		.uleb128 0x49
 899 0129 13       		.uleb128 0x13
 900 012a 02       		.uleb128 0x2
 901 012b 0A       		.uleb128 0xa
 902 012c 00       		.byte	0x0
 903 012d 00       		.byte	0x0
 904 012e 17       		.uleb128 0x17
 905 012f 34       		.uleb128 0x34
 906 0130 00       		.byte	0x0
 907 0131 03       		.uleb128 0x3
 908 0132 08       		.uleb128 0x8
 909 0133 3A       		.uleb128 0x3a
 910 0134 0B       		.uleb128 0xb
 911 0135 3B       		.uleb128 0x3b
 912 0136 0B       		.uleb128 0xb
 913 0137 49       		.uleb128 0x49
 914 0138 13       		.uleb128 0x13
 915 0139 02       		.uleb128 0x2
 916 013a 0A       		.uleb128 0xa
 917 013b 00       		.byte	0x0
 918 013c 00       		.byte	0x0
 919 013d 18       		.uleb128 0x18
 920 013e 34       		.uleb128 0x34
 921 013f 00       		.byte	0x0
 922 0140 03       		.uleb128 0x3
 923 0141 0E       		.uleb128 0xe
 924 0142 3A       		.uleb128 0x3a
 925 0143 0B       		.uleb128 0xb
 926 0144 3B       		.uleb128 0x3b
 927 0145 0B       		.uleb128 0xb
 928 0146 49       		.uleb128 0x49
 929 0147 13       		.uleb128 0x13
 930 0148 02       		.uleb128 0x2
 931 0149 0A       		.uleb128 0xa
 932 014a 00       		.byte	0x0
 933 014b 00       		.byte	0x0
 934 014c 19       		.uleb128 0x19
 935 014d 01       		.uleb128 0x1
 936 014e 01       		.byte	0x1
 937 014f 01       		.uleb128 0x1
 938 0150 13       		.uleb128 0x13
 939 0151 49       		.uleb128 0x49
 940 0152 13       		.uleb128 0x13
 941 0153 00       		.byte	0x0
 942 0154 00       		.byte	0x0
 943 0155 1A       		.uleb128 0x1a
 944 0156 21       		.uleb128 0x21
 945 0157 00       		.byte	0x0
ARM GAS  /cygdrive/c/DOCUME~1/ANDERS~1/LOKALA~1/Temp/ccrwz2Ly.s 			page 21


 946 0158 49       		.uleb128 0x49
 947 0159 13       		.uleb128 0x13
 948 015a 2F       		.uleb128 0x2f
 949 015b 0B       		.uleb128 0xb
 950 015c 00       		.byte	0x0
 951 015d 00       		.byte	0x0
 952 015e 1B       		.uleb128 0x1b
 953 015f 34       		.uleb128 0x34
 954 0160 00       		.byte	0x0
 955 0161 03       		.uleb128 0x3
 956 0162 0E       		.uleb128 0xe
 957 0163 3A       		.uleb128 0x3a
 958 0164 0B       		.uleb128 0xb
 959 0165 3B       		.uleb128 0x3b
 960 0166 0B       		.uleb128 0xb
 961 0167 49       		.uleb128 0x49
 962 0168 13       		.uleb128 0x13
 963 0169 3F       		.uleb128 0x3f
 964 016a 0C       		.uleb128 0xc
 965 016b 3C       		.uleb128 0x3c
 966 016c 0C       		.uleb128 0xc
 967 016d 00       		.byte	0x0
 968 016e 00       		.byte	0x0
 969 016f 00       		.byte	0x0
 970              		.section	.debug_pubnames,"",%progbits
 971 0000 4A000000 		.4byte	0x4a
 972 0004 0200     		.2byte	0x2
 973 0006 00000000 		.4byte	.Ldebug_info0
 974 000a CF020000 		.4byte	0x2cf
 975 000e 47010000 		.4byte	0x147
 976 0012 6F735374 		.ascii	"osStackUsage\000"
 976      61636B55 
 976      73616765 
 976      00
 977 001f 12020000 		.4byte	0x212
 978 0023 63726561 		.ascii	"createStackPattern\000"
 978      74655374 
 978      61636B50 
 978      61747465 
 978      726E00
 979 0036 4F020000 		.4byte	0x24f
 980 003a 63686563 		.ascii	"checkStackLimit\000"
 980      6B537461 
 980      636B4C69 
 980      6D697400 
 981 004a 00000000 		.4byte	0x0
 982              		.section	.debug_aranges,"",%progbits
 983 0000 1C000000 		.4byte	0x1c
 984 0004 0200     		.2byte	0x2
 985 0006 00000000 		.4byte	.Ldebug_info0
 986 000a 04       		.byte	0x4
 987 000b 00       		.byte	0x0
 988 000c 0000     		.2byte	0x0
 989 000e 0000     		.2byte	0x0
 990 0010 00000000 		.4byte	.Ltext0
 991 0014 A4000000 		.4byte	.Letext0-.Ltext0
 992 0018 00000000 		.4byte	0x0
ARM GAS  /cygdrive/c/DOCUME~1/ANDERS~1/LOKALA~1/Temp/ccrwz2Ly.s 			page 22


 993 001c 00000000 		.4byte	0x0
 994              		.section	.debug_str,"MS",%progbits,1
 995              	.LASF32:
 996 0000 636F7265 		.ascii	"core/stack_usage.c\000"
 996      2F737461 
 996      636B5F75 
 996      73616765 
 996      2E6300
 997              	.LASF4:
 998 0013 756E7369 		.ascii	"unsigned int\000"
 998      676E6564 
 998      20696E74 
 998      00
 999              	.LASF19:
 1000 0020 744F5350 		.ascii	"tOSPCB\000"
 1000      434200
 1001              	.LASF3:
 1002 0027 74553332 		.ascii	"tU32\000"
 1002      00
 1003              	.LASF12:
 1004 002c 70507265 		.ascii	"pPrevPrioQueueEvent\000"
 1004      76507269 
 1004      6F517565 
 1004      75654576 
 1004      656E7400 
 1005              	.LASF13:
 1006 0040 704E6578 		.ascii	"pNextTimeQueue\000"
 1006      7454696D 
 1006      65517565 
 1006      756500
 1007              	.LASF9:
 1008 004f 704E6578 		.ascii	"pNextPrioQueueReady\000"
 1008      74507269 
 1008      6F517565 
 1008      75655265 
 1008      61647900 
 1009              	.LASF24:
 1010 0063 70546D70 		.ascii	"pTmp\000"
 1010      00
 1011              	.LASF18:
 1012 0068 73746163 		.ascii	"stackSize\000"
 1012      6B53697A 
 1012      6500
 1013              	.LASF29:
 1014 0072 6C6F6E67 		.ascii	"long unsigned int\000"
 1014      20756E73 
 1014      69676E65 
 1014      6420696E 
 1014      7400
 1015              	.LASF28:
 1016 0084 6C696D69 		.ascii	"limit\000"
 1016      7400
 1017              	.LASF15:
 1018 008a 666C6167 		.ascii	"flag\000"
 1018      00
 1019              	.LASF14:
 1020 008f 7072696F 		.ascii	"prio\000"
ARM GAS  /cygdrive/c/DOCUME~1/ANDERS~1/LOKALA~1/Temp/ccrwz2Ly.s 			page 23


 1020      00
 1021              	.LASF30:
 1022 0094 70726F63 		.ascii	"processControlBlocks\000"
 1022      65737343 
 1022      6F6E7472 
 1022      6F6C426C 
 1022      6F636B73 
 1023              	.LASF25:
 1024 00a9 6F735374 		.ascii	"osStackUsage\000"
 1024      61636B55 
 1024      73616765 
 1024      00
 1025              	.LASF27:
 1026 00b6 63686563 		.ascii	"checkStackLimit\000"
 1026      6B537461 
 1026      636B4C69 
 1026      6D697400 
 1027              	.LASF26:
 1028 00c6 63726561 		.ascii	"createStackPattern\000"
 1028      74655374 
 1028      61636B50 
 1028      61747465 
 1028      726E00
 1029              	.LASF1:
 1030 00d9 756E7369 		.ascii	"unsigned char\000"
 1030      676E6564 
 1030      20636861 
 1030      7200
 1031              	.LASF11:
 1032 00e7 704E6578 		.ascii	"pNextPrioQueueEvent\000"
 1032      74507269 
 1032      6F517565 
 1032      75654576 
 1032      656E7400 
 1033              	.LASF17:
 1034 00fb 7053746B 		.ascii	"pStkOrg\000"
 1034      4F726700 
 1035              	.LASF16:
 1036 0103 736C6565 		.ascii	"sleep\000"
 1036      7000
 1037              	.LASF31:
 1038 0109 474E5520 		.ascii	"GNU C 3.4.3\000"
 1038      4320332E 
 1038      342E3300 
 1039              	.LASF33:
 1040 0115 2F637967 		.ascii	"/cygdrive/c/Documents and Settings/Anders Rosvall/M"
 1040      64726976 
 1040      652F632F 
 1040      446F6375 
 1040      6D656E74 
 1041 0148 696E6120 		.ascii	"ina dokument/Embedded Artists/Products/LPC2148 Educ"
 1041      646F6B75 
 1041      6D656E74 
 1041      2F456D62 
 1041      65646465 
 1042 017b 6174696F 		.ascii	"ation Board/Test program/v1.2/pre_emptive_os\000"
 1042      6E20426F 
ARM GAS  /cygdrive/c/DOCUME~1/ANDERS~1/LOKALA~1/Temp/ccrwz2Ly.s 			page 24


 1042      6172642F 
 1042      54657374 
 1042      2070726F 
 1043              	.LASF35:
 1044 01a8 72656164 		.ascii	"readStackUsage\000"
 1044      53746163 
 1044      6B557361 
 1044      676500
 1045              	.LASF22:
 1046 01b7 70426F74 		.ascii	"pBottom\000"
 1046      746F6D00 
 1047              	.LASF2:
 1048 01bf 73686F72 		.ascii	"short unsigned int\000"
 1048      7420756E 
 1048      7369676E 
 1048      65642069 
 1048      6E7400
 1049              	.LASF5:
 1050 01d2 7369676E 		.ascii	"signed char\000"
 1050      65642063 
 1050      68617200 
 1051              	.LASF21:
 1052 01de 73697A65 		.ascii	"size\000"
 1052      00
 1053              	.LASF34:
 1054 01e3 5F744F53 		.ascii	"_tOSPCB__\000"
 1054      5043425F 
 1054      5F00
 1055              	.LASF0:
 1056 01ed 74553136 		.ascii	"tU16\000"
 1056      00
 1057              	.LASF7:
 1058 01f2 74426F6F 		.ascii	"tBool\000"
 1058      6C00
 1059              	.LASF6:
 1060 01f8 73686F72 		.ascii	"short int\000"
 1060      7420696E 
 1060      7400
 1061              	.LASF8:
 1062 0202 7053746B 		.ascii	"pStk\000"
 1062      00
 1063              	.LASF10:
 1064 0207 70507265 		.ascii	"pPrevPrioQueueReady\000"
 1064      76507269 
 1064      6F517565 
 1064      75655265 
 1064      61647900 
 1065              	.LASF23:
 1066 021b 70546F70 		.ascii	"pTop\000"
 1066      00
 1067              	.LASF20:
 1068 0220 70537461 		.ascii	"pStackArea\000"
 1068      636B4172 
 1068      656100
 1069              		.ident	"GCC: (GNU) 3.4.3"
ARM GAS  /cygdrive/c/DOCUME~1/ANDERS~1/LOKALA~1/Temp/ccrwz2Ly.s 			page 25


DEFINED SYMBOLS
                            *ABS*:00000000 stack_usage.c
/cygdrive/c/DOCUME~1/ANDERS~1/LOKALA~1/Temp/ccrwz2Ly.s:1      .text:00000000 $t
/cygdrive/c/DOCUME~1/ANDERS~1/LOKALA~1/Temp/ccrwz2Ly.s:17     .text:00000000 osStackUsage
/cygdrive/c/DOCUME~1/ANDERS~1/LOKALA~1/Temp/ccrwz2Ly.s:74     .text:00000040 $d
/cygdrive/c/DOCUME~1/ANDERS~1/LOKALA~1/Temp/ccrwz2Ly.s:82     .text:00000044 createStackPattern
/cygdrive/c/DOCUME~1/ANDERS~1/LOKALA~1/Temp/ccrwz2Ly.s:79     .text:00000044 $t
/cygdrive/c/DOCUME~1/ANDERS~1/LOKALA~1/Temp/ccrwz2Ly.s:117    .text:00000064 checkStackLimit

UNDEFINED SYMBOLS
__udivsi3
processControlBlocks
__divsi3
