ARM GAS  /cygdrive/c/DOCUME~1/ANDERS~1/LOKALA~1/Temp/cc527x0h.s 			page 1


   1              		.code	16
   2              		.file	"timer.c"
   3              		.section	.debug_abbrev,"",%progbits
   4              	.Ldebug_abbrev0:
   5              		.section	.debug_info,"",%progbits
   6              	.Ldebug_info0:
   7              		.section	.debug_line,"",%progbits
   8              	.Ldebug_line0:
   9 0000 05010000 		.text
   9      02007600 
   9      00000201 
   9      FB0E0A00 
   9      01010101 
  10              	.Ltext0:
  11              		.bss
  12              		.align	2
  13              	pFiredListLast:
  14 0000 00000000 		.space	4
  15              		.align	2
  16              	pFiredListFirst:
  17 0004 00000000 		.space	4
  18              		.align	2
  19              	pTimerList:
  20 0008 00000000 		.space	4
  21              		.text
  22              		.align	2
  23              		.global	timerTick
  24              		.code 16
  25              		.thumb_func
  26              		.type	timerTick, %function
  27              	timerTick:
  28              	.LFB2:
  29              		.file 1 "core/timer.c"
   1:core/timer.c  **** /******************************************************************************
   2:core/timer.c  ****  *
   3:core/timer.c  ****  * Copyright:
   4:core/timer.c  ****  *    (C) 2000 - 2005 Embedded Artists AB
   5:core/timer.c  ****  *
   6:core/timer.c  ****  * Description:
   7:core/timer.c  ****  *
   8:core/timer.c  ****  * ESIC:
   9:core/timer.c  ****  *    pre_emptive_os
  10:core/timer.c  ****  *
  11:core/timer.c  ****  * Version:
  12:core/timer.c  ****  *    1.4.0
  13:core/timer.c  ****  *
  14:core/timer.c  ****  * Generate date:
  15:core/timer.c  ****  *    2005-03-15 at 20:27:15
  16:core/timer.c  ****  *
  17:core/timer.c  ****  * NOTE:
  18:core/timer.c  ****  *    DO NOT EDIT THIS FILE. IT IS AUTO GENERATED.
  19:core/timer.c  ****  *    CHANGES TO THIS FILE WILL BE LOST IF THE FILE IS RE-GENERATED
  20:core/timer.c  ****  *
  21:core/timer.c  ****  * Signature:
  22:core/timer.c  ****  *   7072655F656D70746976655F6F73,312E342E302E30,020235
  23:core/timer.c  ****  *   ,35,10104021013134373435363030,07323838,3732,01013
  24:core/timer.c  ****  *   830,0101013138303030303030,3135,33,3135,0232323530
ARM GAS  /cygdrive/c/DOCUME~1/ANDERS~1/LOKALA~1/Temp/cc527x0h.s 			page 2


  25:core/timer.c  ****  *   ,01020130,0231343734353539,3238313831,020101100302
  26:core/timer.c  ****  *   103030310010133,0163130,3230,3330,3430,3530,3630,3
  27:core/timer.c  ****  *   730,3830,3930,313030,313130,313230,313330,313430,3
  28:core/timer.c  ****  *   13530,313630,,35,35,35,35,35,35,35,35,35,35,35,35,
  29:core/timer.c  ****  *   35,35,35,35,,,,1001001100011000000000]484152445741
  30:core/timer.c  ****  *   5245,4C5043323130365F32,545538,756E7369676E6564206
  31:core/timer.c  ****  *   3686172,414C49474E4D454E54,34,54424F4F4C,756E73696
  32:core/timer.c  ****  *   76E65642063686172,54553332,756E7369676E656420696E7
  33:core/timer.c  ****  *   4,544D505F46494C4553,2A2E656C663B2A2E6C73743B2A2E6
  34:core/timer.c  ****  *   D61703B2A2E6F3B2A2E6F626A3B2A2E64,454E4449414E,4C4
  35:core/timer.c  ****  *   954544C45,54533332,7369676E656420696E74,545338,736
  36:core/timer.c  ****  *   9676E65642063686172,54553136,756E7369676E656420736
  37:core/timer.c  ****  *   86F7274,54533136,7369676E65642073686F7274,44455343
  38:core/timer.c  ****  *   52495054494F4E,,44454255475F4C4556454C,30,434F4445
  39:core/timer.c  ****  *   5F524F4F54,,47454E5F52554C4553,,4C494E455F5445524D
  40:core/timer.c  ****  *   ,43524C46,4252414345,,43524541544F52,416E646572732
  41:core/timer.c  ****  *   0526F7376616C6C,4352454154494F4E5F44415445,3230303
  42:core/timer.c  ****  *   52D30332D31352032303A31373A3432,524F4F54,433A2F446
  43:core/timer.c  ****  *   F63756D656E747320616E642053657474696E67732F416E646
  44:core/timer.c  ****  *   5727320526F7376616C6C2F4D696E6120646F6B756D656E742
  45:core/timer.c  ****  *   F456D62656464656420417274697374732F50726F647563747
  46:core/timer.c  ****  *   32F4C50433231303620525332333220517569636B537461727
  47:core/timer.c  ****  *   420426F6172642F72746F732F]505245464958,,4445425547
  48:core/timer.c  ****  *   5F4C4556454C,30,555345525F434F4D4D454E54,]64656661
  49:core/timer.c  ****  *   756C74,
  50:core/timer.c  ****  *
  51:core/timer.c  ****  * Checksum:
  52:core/timer.c  ****  *    585510
  53:core/timer.c  ****  *
  54:core/timer.c  ****  *****************************************************************************/
  55:core/timer.c  **** 
  56:core/timer.c  **** 
  57:core/timer.c  **** /******************************************************************************
  58:core/timer.c  ****  * Includes
  59:core/timer.c  ****  *****************************************************************************/
  60:core/timer.c  **** 
  61:core/timer.c  **** #include "timer.h"
  62:core/timer.c  **** #include "../api/general.h"
  63:core/timer.c  **** #include "hal.h"
  64:core/timer.c  **** #include "count_sem.h"
  65:core/timer.c  **** #include "kernel.h"
  66:core/timer.c  **** #include "error.h"
  67:core/timer.c  **** #include "../stub/osstub.h"
  68:core/timer.c  **** /******************************************************************************
  69:core/timer.c  ****  * Defines, macros, and typedefs
  70:core/timer.c  ****  *****************************************************************************/
  71:core/timer.c  **** 
  72:core/timer.c  **** 
  73:core/timer.c  **** /******************************************************************************
  74:core/timer.c  ****  * Local variables
  75:core/timer.c  ****  *****************************************************************************/
  76:core/timer.c  **** 
  77:core/timer.c  **** static tTimer *pTimerList = NULL;
  78:core/timer.c  **** static tTimer *pFiredListLast = NULL;
  79:core/timer.c  **** static tTimer *pFiredListFirst = NULL;
  80:core/timer.c  **** static tCntSem timerSem;
  81:core/timer.c  **** static tU8 pTimerStack[TIMERSTACK_SIZE];
ARM GAS  /cygdrive/c/DOCUME~1/ANDERS~1/LOKALA~1/Temp/cc527x0h.s 			page 3


  82:core/timer.c  **** 
  83:core/timer.c  **** /******************************************************************************
  84:core/timer.c  ****  * Local functions
  85:core/timer.c  ****  *****************************************************************************/
  86:core/timer.c  **** 
  87:core/timer.c  **** static void timerProcess(void* arg);
  88:core/timer.c  **** 
  89:core/timer.c  **** static void addToTimerList(tTimer* pTimer);
  90:core/timer.c  **** 
  91:core/timer.c  **** /******************************************************************************
  92:core/timer.c  ****  * Implementation of public functions
  93:core/timer.c  ****  *****************************************************************************/
  94:core/timer.c  **** 
  95:core/timer.c  **** 
  96:core/timer.c  **** /*****************************************************************************
  97:core/timer.c  ****  *
  98:core/timer.c  ****  * Description:
  99:core/timer.c  ****  *    This function checks if any timer has expired. This function is called 
 100:core/timer.c  ****  *    from the system tick function. 
 101:core/timer.c  ****  *
 102:core/timer.c  ****  ****************************************************************************/
 103:core/timer.c  **** void
 104:core/timer.c  **** timerTick(void)
 105:core/timer.c  **** {
  30              		.loc 1 105 0
  31 0000 30B5     		push	{r4, r5, lr}
  32              	.LCFI0:
  33 0002 82B0     		sub	sp, sp, #8
  34              	.LCFI1:
 106:core/timer.c  ****   volatile tSR localSR;  /* declare temporary local space for status word */
 107:core/timer.c  ****   tTimer * pLast = NULL;
 108:core/timer.c  ****   tTimer * pTmp = NULL;
 109:core/timer.c  ****   tU8 error;
 110:core/timer.c  **** 
 111:core/timer.c  ****   m_os_dis_int();
  35              		.loc 1 111 0
  36 0004 FFF7FEFF 		bl	halDisableInterrupts_oshal
  37 0008 0190     		str	r0, [sp, #4]
  38 000a C046     		 nop
 112:core/timer.c  **** 
 113:core/timer.c  ****   if(pTimerList != NULL)
  39              		.loc 1 113 0
  40              		.code	16
  41 000c 194B     		ldr	r3, .L13
  42 000e 1A68     		ldr	r2, [r3]
  43 0010 002A     		cmp	r2, #0
  44 0012 26D0     		beq	.L2
 114:core/timer.c  ****   {
 115:core/timer.c  ****     pTimerList->delta--;
  45              		.loc 1 115 0
  46 0014 1369     		ldr	r3, [r2, #16]
  47 0016 013B     		sub	r3, r3, #1
  48 0018 1361     		str	r3, [r2, #16]
 116:core/timer.c  ****     if(pTimerList->delta == 0)
  49              		.loc 1 116 0
  50 001a 002B     		cmp	r3, #0
  51 001c 21D1     		bne	.L2
ARM GAS  /cygdrive/c/DOCUME~1/ANDERS~1/LOKALA~1/Temp/cc527x0h.s 			page 4


 117:core/timer.c  ****     {
 118:core/timer.c  ****       /* find last delta zero timer in list */
 119:core/timer.c  ****       pTmp = pTimerList;
  52              		.loc 1 119 0
  53 001e 141C     		mov	r4, r2
  54              	.L7:
 120:core/timer.c  ****       while(pTmp->delta == 0)
 121:core/timer.c  ****       {
 122:core/timer.c  ****         pLast = pTmp;
  55              		.loc 1 122 0
  56 0020 251C     		mov	r5, r4
 123:core/timer.c  ****         pTmp = pTmp->next;
 124:core/timer.c  ****         osSemGive(&timerSem, &error);
  57              		.loc 1 124 0
  58 0022 6946     		mov	r1, sp
  59              		.loc 1 123 0
  60 0024 2468     		ldr	r4, [r4]
  61              		.loc 1 124 0
  62 0026 1448     		ldr	r0, .L13+4
  63 0028 0331     		add	r1, r1, #3
  64 002a FFF7FEFF 		bl	osSemGive
 125:core/timer.c  ****         if(pTmp == NULL)
  65              		.loc 1 125 0
  66 002e 002C     		cmp	r4, #0
  67 0030 02D0     		beq	.L5
 126:core/timer.c  ****           break;
  68              		.loc 1 126 0
  69 0032 2369     		ldr	r3, [r4, #16]
  70 0034 002B     		cmp	r3, #0
  71 0036 F3D0     		beq	.L7
  72              	.L5:
 127:core/timer.c  ****       }
 128:core/timer.c  **** 
 129:core/timer.c  ****       if(pFiredListFirst == NULL)
  73              		.loc 1 129 0
  74 0038 104A     		ldr	r2, .L13+8
  75 003a 1368     		ldr	r3, [r2]
  76 003c 0D48     		ldr	r0, .L13
  77 003e 1049     		ldr	r1, .L13+12
  78 0040 002B     		cmp	r3, #0
  79 0042 00D0     		beq	.L12
 130:core/timer.c  ****       {
 131:core/timer.c  ****         pFiredListFirst = pTimerList;
 132:core/timer.c  ****         pFiredListLast = pLast;
 133:core/timer.c  ****       }
 134:core/timer.c  ****       else
 135:core/timer.c  ****       {
 136:core/timer.c  ****         pFiredListLast->next = pTimerList;
  80              		.loc 1 136 0
  81 0044 0A68     		ldr	r2, [r1]
  82              	.L12:
  83 0046 0368     		ldr	r3, [r0]
  84 0048 1360     		str	r3, [r2]
 137:core/timer.c  ****         pFiredListLast = pLast;
  85              		.loc 1 137 0
  86 004a 0D60     		str	r5, [r1]
 138:core/timer.c  ****       }
ARM GAS  /cygdrive/c/DOCUME~1/ANDERS~1/LOKALA~1/Temp/cc527x0h.s 			page 5


 139:core/timer.c  ****       pTimerList = pLast->next;
  87              		.loc 1 139 0
  88 004c 094B     		ldr	r3, .L13
  89 004e 2A68     		ldr	r2, [r5]
  90 0050 1A60     		str	r2, [r3]
 140:core/timer.c  ****       if(pTimerList != NULL)
  91              		.loc 1 140 0
  92 0052 002A     		cmp	r2, #0
  93 0054 01D0     		beq	.L10
 141:core/timer.c  ****         pTimerList->previous = NULL;
  94              		.loc 1 141 0
  95 0056 0023     		mov	r3, #0
  96 0058 5360     		str	r3, [r2, #4]
  97              	.L10:
 142:core/timer.c  ****       pFiredListLast->next = NULL;
  98              		.loc 1 142 0
  99 005a 094B     		ldr	r3, .L13+12
 100 005c 1A68     		ldr	r2, [r3]
 101 005e 0023     		mov	r3, #0
 102 0060 1360     		str	r3, [r2]
 103              	.L2:
 143:core/timer.c  ****     }
 144:core/timer.c  ****   }  
 145:core/timer.c  ****   m_os_ena_int();
 104              		.loc 1 145 0
 105 0062 0198     		ldr	r0, [sp, #4]
 106 0064 FFF7FEFF 		bl	halRestoreInterrupts_oshal
 107 0068 C046     		 nop
 108              		.code	16
 109 006a 02B0     		add	sp, sp, #8
 110              		@ sp needed for prologue
 111 006c 30BC     		pop	{r4, r5}
 112 006e 01BC     		pop	{r0}
 113 0070 0047     		bx	r0
 114              	.L14:
 115 0072 0000     		.align	2
 116              	.L13:
 117 0074 08000000 		.word	pTimerList
 118 0078 0C000000 		.word	timerSem
 119 007c 04000000 		.word	pFiredListFirst
 120 0080 00000000 		.word	pFiredListLast
 121              	.LFE2:
 122              		.size	timerTick, .-timerTick
 123              		.align	2
 124              		.code 16
 125              		.thumb_func
 126              		.type	addToTimerList, %function
 127              	addToTimerList:
 128              	.LFB7:
 146:core/timer.c  **** }
 147:core/timer.c  **** 
 148:core/timer.c  **** 
 149:core/timer.c  **** /*****************************************************************************
 150:core/timer.c  ****  *
 151:core/timer.c  ****  * Description:
 152:core/timer.c  ****  *    This function initializes a timer. A timer is initialized with a timer 
 153:core/timer.c  ****  *    value, specified in timer ticks. When the specified time has elapsed the 
ARM GAS  /cygdrive/c/DOCUME~1/ANDERS~1/LOKALA~1/Temp/cc527x0h.s 			page 6


 154:core/timer.c  ****  *    timer is said to fire. When a timer fire the callback function of the 
 155:core/timer.c  ****  *    timer is executed. A timer can be set to be repeatable. A repeatable 
 156:core/timer.c  ****  *    timer is reactivated once the callback function has returned. The timer 
 157:core/timer.c  ****  *    structure must be allocated, statically or dynamically, by the user 
 158:core/timer.c  ****  *    before this function is used. osCreateTimer does not allocate the 
 159:core/timer.c  ****  *    structure, it initializes and queues the timer. 
 160:core/timer.c  ****  *
 161:core/timer.c  ****  * Params:
 162:core/timer.c  ****  *    [in] pTimer   - A pointer to an allocated timer structure. 
 163:core/timer.c  ****  *    [in] callback - The callback to be used when the timer fires. 
 164:core/timer.c  ****  *    [in] repeat   - If TRUE the timer will be reactivated as soon as the 
 165:core/timer.c  ****  *                    callback function has returned. 
 166:core/timer.c  ****  *    [in] time     - The initial timer value, specified in system ticks. 
 167:core/timer.c  ****  *
 168:core/timer.c  ****  ****************************************************************************/
 169:core/timer.c  **** void
 170:core/timer.c  **** osCreateTimer(tTimer* pTimer,
 171:core/timer.c  ****               void    (*callback) (void),
 172:core/timer.c  ****               tBool   repeat,
 173:core/timer.c  ****               tU32    time)
 174:core/timer.c  **** {
 175:core/timer.c  ****   volatile tSR localSR;  /* declare temporary local space for status word */
 176:core/timer.c  ****   pTimer->time = time;
 177:core/timer.c  ****   pTimer->delta = time;
 178:core/timer.c  ****   pTimer->callback = callback;
 179:core/timer.c  ****   pTimer->repeat = repeat;
 180:core/timer.c  **** 
 181:core/timer.c  ****   m_os_dis_int();
 182:core/timer.c  ****   addToTimerList(pTimer);
 183:core/timer.c  ****   m_os_ena_int();    
 184:core/timer.c  **** }
 185:core/timer.c  **** 
 186:core/timer.c  **** 
 187:core/timer.c  **** /*****************************************************************************
 188:core/timer.c  ****  *
 189:core/timer.c  ****  * Description:
 190:core/timer.c  ****  *    This function deletes a timer. The timer structure is not de-allocated, 
 191:core/timer.c  ****  *    only removed from the timer queue. If the timer has already fired and is 
 192:core/timer.c  ****  *    not repeatable there is no need to call this function. It is only 
 193:core/timer.c  ****  *    meaningful to call this function on a timer that is armed but not fired. 
 194:core/timer.c  ****  *
 195:core/timer.c  ****  * Params:
 196:core/timer.c  ****  *    [in]  pTimer - A pointer to the timer to delete. 
 197:core/timer.c  ****  *    [out] pError - The return status of the function. 
 198:core/timer.c  ****  *
 199:core/timer.c  ****  * Error codes:
 200:core/timer.c  ****  *    OS_OK         - The function completed successfully. 
 201:core/timer.c  ****  *    OS_ERROR_NULL - A NULL pointer was supplied to the function where it was 
 202:core/timer.c  ****  *                    not allowed. 
 203:core/timer.c  ****  *
 204:core/timer.c  ****  ****************************************************************************/
 205:core/timer.c  **** void
 206:core/timer.c  **** osDeleteTimer(tTimer* pTimer,
 207:core/timer.c  ****               tU8*    pError)
 208:core/timer.c  **** {
 209:core/timer.c  ****   volatile tSR localSR;  /* declare temporary local space for status word */
 210:core/timer.c  ****   tTimer * pTmp;
ARM GAS  /cygdrive/c/DOCUME~1/ANDERS~1/LOKALA~1/Temp/cc527x0h.s 			page 7


 211:core/timer.c  **** 
 212:core/timer.c  ****   *pError = OS_OK;
 213:core/timer.c  ****   if(pTimer == NULL)
 214:core/timer.c  ****   {
 215:core/timer.c  ****     *pError = OS_ERROR_NULL;
 216:core/timer.c  **** 
 217:core/timer.c  ****     return;
 218:core/timer.c  ****   }
 219:core/timer.c  **** 
 220:core/timer.c  ****   m_os_dis_int();
 221:core/timer.c  **** 
 222:core/timer.c  ****   /* check if timer is in timer list */
 223:core/timer.c  ****   for(pTmp = pTimerList; pTmp != NULL; pTmp = pTmp->next)
 224:core/timer.c  ****   {
 225:core/timer.c  ****     if(pTmp == pTimer)
 226:core/timer.c  ****     {
 227:core/timer.c  ****       if(pTmp->previous != NULL)
 228:core/timer.c  ****       {
 229:core/timer.c  ****         pTmp->previous->next = pTmp->next;
 230:core/timer.c  ****       }
 231:core/timer.c  ****       if(pTmp->next != NULL)
 232:core/timer.c  ****       {
 233:core/timer.c  ****              pTmp->next->previous = pTmp->previous;
 234:core/timer.c  ****              pTmp->next->delta += pTmp->delta;
 235:core/timer.c  ****       }
 236:core/timer.c  ****       if(pTmp == pTimerList)
 237:core/timer.c  ****       {
 238:core/timer.c  ****         pTimerList = pTmp->next;
 239:core/timer.c  ****       }
 240:core/timer.c  ****       m_os_ena_int();
 241:core/timer.c  ****       return;
 242:core/timer.c  ****     }
 243:core/timer.c  ****   }
 244:core/timer.c  ****   m_os_ena_int();
 245:core/timer.c  **** }
 246:core/timer.c  **** 
 247:core/timer.c  **** 
 248:core/timer.c  **** /*****************************************************************************
 249:core/timer.c  ****  *
 250:core/timer.c  ****  * Description:
 251:core/timer.c  ****  *    This function initializes the timer process. The timer process runs on 
 252:core/timer.c  ****  *    the highest priority, i.e. 0, and executes the timer callback function 
 253:core/timer.c  ****  *    when a timer expires. No other process should be run on this priority. 
 254:core/timer.c  ****  *
 255:core/timer.c  ****  * Params:
 256:core/timer.c  ****  *    [out] pError - The return status of the function. 
 257:core/timer.c  ****  *
 258:core/timer.c  ****  * Error codes:
 259:core/timer.c  ****  *    OS_OK             - The function completed successfully. 
 260:core/timer.c  ****  *    OS_ERROR_ALLOCATE - The timer process could not be created since there 
 261:core/timer.c  ****  *                        was no free process control blocks available. The 
 262:core/timer.c  ****  *                        number of process control blocks is specified during 
 263:core/timer.c  ****  *                        operating system configuration (maximum number of 
 264:core/timer.c  ****  *                        processes). 
 265:core/timer.c  ****  *
 266:core/timer.c  ****  ****************************************************************************/
 267:core/timer.c  **** void
ARM GAS  /cygdrive/c/DOCUME~1/ANDERS~1/LOKALA~1/Temp/cc527x0h.s 			page 8


 268:core/timer.c  **** osInitTimers(tU8* pError)
 269:core/timer.c  **** {
 270:core/timer.c  ****   tU8 pid;
 271:core/timer.c  ****   osSemInit(&timerSem, 0);
 272:core/timer.c  ****   osCreateProcess(timerProcess, pTimerStack, TIMERSTACK_SIZE, &pid, 0, NULL, pError);
 273:core/timer.c  ****   osStartProcess(pid, pError);
 274:core/timer.c  **** }
 275:core/timer.c  **** 
 276:core/timer.c  **** /******************************************************************************
 277:core/timer.c  ****  * Implementation of local functions
 278:core/timer.c  ****  *****************************************************************************/
 279:core/timer.c  **** 
 280:core/timer.c  **** 
 281:core/timer.c  **** /*****************************************************************************
 282:core/timer.c  ****  *
 283:core/timer.c  ****  * Description:
 284:core/timer.c  ****  *    The timer process runs on the highest priority, e.g. 0, and is 
 285:core/timer.c  ****  *    responsible for invoking the callback functions of expired timers. 
 286:core/timer.c  ****  *
 287:core/timer.c  ****  * Params:
 288:core/timer.c  ****  *    [in] arg - This parameter is not used. 
 289:core/timer.c  ****  *
 290:core/timer.c  ****  ****************************************************************************/
 291:core/timer.c  **** static void
 292:core/timer.c  **** timerProcess(void* arg)
 293:core/timer.c  **** {
 294:core/timer.c  ****   volatile tSR localSR;  /* declare temporary local space for status word */
 295:core/timer.c  ****   tTimer * pTimer;
 296:core/timer.c  ****   tU8 error;
 297:core/timer.c  ****   void (*callback)(void);
 298:core/timer.c  **** 
 299:core/timer.c  ****   while(TRUE)
 300:core/timer.c  ****   {
 301:core/timer.c  ****     osSemTake(&timerSem, 0, &error);
 302:core/timer.c  ****     m_os_dis_int();
 303:core/timer.c  ****     if(pFiredListFirst != NULL)
 304:core/timer.c  ****     {
 305:core/timer.c  ****       pTimer = pFiredListFirst;
 306:core/timer.c  ****       pFiredListFirst = pFiredListFirst->next;
 307:core/timer.c  ****       if(pFiredListFirst == NULL)
 308:core/timer.c  ****       {
 309:core/timer.c  ****         pFiredListLast = NULL;
 310:core/timer.c  ****       }    
 311:core/timer.c  ****       callback = pTimer->callback;
 312:core/timer.c  ****       if(pTimer->repeat == TRUE)
 313:core/timer.c  ****       {
 314:core/timer.c  ****         pTimer->delta = pTimer->time;
 315:core/timer.c  ****         addToTimerList(pTimer);
 316:core/timer.c  ****       }
 317:core/timer.c  ****       m_os_ena_int();
 318:core/timer.c  ****       callback();
 319:core/timer.c  ****     }
 320:core/timer.c  ****     else
 321:core/timer.c  ****     {
 322:core/timer.c  ****       m_os_ena_int();
 323:core/timer.c  ****     }
 324:core/timer.c  ****   }
ARM GAS  /cygdrive/c/DOCUME~1/ANDERS~1/LOKALA~1/Temp/cc527x0h.s 			page 9


 325:core/timer.c  **** }
 326:core/timer.c  **** 
 327:core/timer.c  **** 
 328:core/timer.c  **** /*****************************************************************************
 329:core/timer.c  ****  *
 330:core/timer.c  ****  * Description:
 331:core/timer.c  ****  *    Add a timer to the timer-list. 
 332:core/timer.c  ****  *
 333:core/timer.c  ****  * Params:
 334:core/timer.c  ****  *    [in] pTimer - The timer to add. 
 335:core/timer.c  ****  *
 336:core/timer.c  ****  ****************************************************************************/
 337:core/timer.c  **** static void
 338:core/timer.c  **** addToTimerList(tTimer* pTimer)
 339:core/timer.c  **** {
 129              		.loc 1 339 0
 130 0084 30B5     		push	{r4, r5, lr}
 131              	.LCFI2:
 340:core/timer.c  ****   tTimer * pTmp;
 341:core/timer.c  ****   tTimer * pPrev = NULL;
 342:core/timer.c  **** 
 343:core/timer.c  ****   if(pTimerList == NULL)
 132              		.loc 1 343 0
 133 0086 164D     		ldr	r5, .L28
 134 0088 2B68     		ldr	r3, [r5]
 135              		.loc 1 341 0
 136 008a 0024     		mov	r4, #0
 137              		.loc 1 343 0
 138 008c 002B     		cmp	r3, #0
 139 008e 03D1     		bne	.L16
 344:core/timer.c  ****   {
 345:core/timer.c  ****     pTimerList = pTimer;
 140              		.loc 1 345 0
 141 0090 2860     		str	r0, [r5]
 346:core/timer.c  ****     pTimer->next = NULL;
 142              		.loc 1 346 0
 143 0092 0460     		str	r4, [r0]
 347:core/timer.c  ****     pTimer->previous = NULL;
 144              		.loc 1 347 0
 145 0094 4460     		str	r4, [r0, #4]
 146 0096 20E0     		b	.L15
 147              	.L16:
 348:core/timer.c  ****   }
 349:core/timer.c  ****   else
 350:core/timer.c  ****   {
 351:core/timer.c  ****     for(pTmp = pTimerList; pTmp != NULL; pTmp = pTmp->next)
 148              		.loc 1 351 0
 149 0098 191C     		mov	r1, r3
 150              	.L22:
 352:core/timer.c  ****     {
 353:core/timer.c  ****       if(pTimer->delta <= pTmp->delta)
 151              		.loc 1 353 0
 152 009a 0269     		ldr	r2, [r0, #16]
 153 009c 0B69     		ldr	r3, [r1, #16]
 154 009e 9A42     		cmp	r2, r3
 155 00a0 05D9     		bls	.L19
 354:core/timer.c  ****       {
ARM GAS  /cygdrive/c/DOCUME~1/ANDERS~1/LOKALA~1/Temp/cc527x0h.s 			page 10


 355:core/timer.c  ****         break;
 356:core/timer.c  ****       }
 357:core/timer.c  ****       pTimer->delta -= pTmp->delta;
 358:core/timer.c  ****       pPrev = pTmp;
 156              		.loc 1 358 0
 157 00a2 0C1C     		mov	r4, r1
 158              		.loc 1 351 0
 159 00a4 0968     		ldr	r1, [r1]
 160              		.loc 1 357 0
 161 00a6 D31A     		sub	r3, r2, r3
 162 00a8 0361     		str	r3, [r0, #16]
 163              		.loc 1 351 0
 164 00aa 0029     		cmp	r1, #0
 165 00ac F5D1     		bne	.L22
 166              	.L19:
 359:core/timer.c  ****     }
 360:core/timer.c  ****     if(pPrev == NULL) /* put first in list */
 167              		.loc 1 360 0
 168 00ae 002C     		cmp	r4, #0
 169 00b0 05D1     		bne	.L23
 361:core/timer.c  ****     {
 362:core/timer.c  ****       pTimer->next = pTimerList;
 170              		.loc 1 362 0
 171 00b2 2B68     		ldr	r3, [r5]
 363:core/timer.c  ****       pTimerList->previous = pTimer;
 172              		.loc 1 363 0
 173 00b4 5860     		str	r0, [r3, #4]
 174              		.loc 1 362 0
 175 00b6 0360     		str	r3, [r0]
 364:core/timer.c  ****       pTimer->previous = NULL;
 176              		.loc 1 364 0
 177 00b8 4460     		str	r4, [r0, #4]
 365:core/timer.c  ****       pTimerList = pTimer;
 178              		.loc 1 365 0
 179 00ba 2860     		str	r0, [r5]
 180 00bc 07E0     		b	.L24
 181              	.L23:
 366:core/timer.c  ****     }
 367:core/timer.c  ****     else
 368:core/timer.c  ****     {
 369:core/timer.c  ****       pTimer->previous = pPrev;
 370:core/timer.c  ****       pTimer->next = pPrev->next;
 182              		.loc 1 370 0
 183 00be 2368     		ldr	r3, [r4]
 184 00c0 0360     		str	r3, [r0]
 371:core/timer.c  ****       if(pPrev->next != NULL)
 185              		.loc 1 371 0
 186 00c2 2368     		ldr	r3, [r4]
 187              		.loc 1 369 0
 188 00c4 4460     		str	r4, [r0, #4]
 189              		.loc 1 371 0
 190 00c6 002B     		cmp	r3, #0
 191 00c8 00D0     		beq	.L25
 372:core/timer.c  ****       {
 373:core/timer.c  ****         pPrev->next->previous = pTimer;
 192              		.loc 1 373 0
 193 00ca 5860     		str	r0, [r3, #4]
ARM GAS  /cygdrive/c/DOCUME~1/ANDERS~1/LOKALA~1/Temp/cc527x0h.s 			page 11


 194              	.L25:
 374:core/timer.c  ****       }
 375:core/timer.c  ****       pPrev->next = pTimer;
 195              		.loc 1 375 0
 196 00cc 2060     		str	r0, [r4]
 197              	.L24:
 376:core/timer.c  ****     }
 377:core/timer.c  ****     /* update relative sleep time of next task */
 378:core/timer.c  ****     if(pTmp != NULL)
 198              		.loc 1 378 0
 199 00ce 0029     		cmp	r1, #0
 200 00d0 03D0     		beq	.L15
 379:core/timer.c  ****       pTmp->delta -= pTimer->delta;
 201              		.loc 1 379 0
 202 00d2 0B69     		ldr	r3, [r1, #16]
 203 00d4 0269     		ldr	r2, [r0, #16]
 204 00d6 9B1A     		sub	r3, r3, r2
 205 00d8 0B61     		str	r3, [r1, #16]
 206              	.L15:
 380:core/timer.c  ****   }
 381:core/timer.c  **** }
 207              		.loc 1 381 0
 208              		@ sp needed for prologue
 209 00da 30BC     		pop	{r4, r5}
 210 00dc 01BC     		pop	{r0}
 211 00de 0047     		bx	r0
 212              	.L29:
 213              		.align	2
 214              	.L28:
 215 00e0 08000000 		.word	pTimerList
 216              	.LFE7:
 217              		.size	addToTimerList, .-addToTimerList
 218              		.align	2
 219              		.global	osCreateTimer
 220              		.code 16
 221              		.thumb_func
 222              		.type	osCreateTimer, %function
 223              	osCreateTimer:
 224              	.LFB3:
 225              		.loc 1 174 0
 226 00e4 10B5     		push	{r4, lr}
 227              	.LCFI3:
 228 00e6 81B0     		sub	sp, sp, #4
 229              	.LCFI4:
 230              		.loc 1 176 0
 231 00e8 4361     		str	r3, [r0, #20]
 232              		.loc 1 177 0
 233 00ea 0361     		str	r3, [r0, #16]
 234              		.loc 1 178 0
 235 00ec C160     		str	r1, [r0, #12]
 236              		.loc 1 179 0
 237 00ee 0276     		strb	r2, [r0, #24]
 238              		.loc 1 174 0
 239 00f0 041C     		mov	r4, r0
 240              		.loc 1 181 0
 241 00f2 FFF7FEFF 		bl	halDisableInterrupts_oshal
 242 00f6 0090     		str	r0, [sp]
ARM GAS  /cygdrive/c/DOCUME~1/ANDERS~1/LOKALA~1/Temp/cc527x0h.s 			page 12


 243 00f8 C046     		 nop
 244              		.loc 1 182 0
 245              		.code	16
 246 00fa 201C     		mov	r0, r4
 247 00fc FFF7FEFF 		bl	addToTimerList
 248              		.loc 1 183 0
 249 0100 0098     		ldr	r0, [sp]
 250 0102 FFF7FEFF 		bl	halRestoreInterrupts_oshal
 251 0106 C046     		 nop
 252              		.code	16
 253 0108 01B0     		add	sp, sp, #4
 254              		@ sp needed for prologue
 255 010a 10BC     		pop	{r4}
 256 010c 01BC     		pop	{r0}
 257 010e 0047     		bx	r0
 258              	.LFE3:
 259              		.size	osCreateTimer, .-osCreateTimer
 260              		.align	2
 261              		.global	osDeleteTimer
 262              		.code 16
 263              		.thumb_func
 264              		.type	osDeleteTimer, %function
 265              	osDeleteTimer:
 266              	.LFB4:
 267              		.loc 1 208 0
 268 0110 30B5     		push	{r4, r5, lr}
 269              	.LCFI5:
 270              		.loc 1 212 0
 271 0112 0023     		mov	r3, #0
 272              		.loc 1 208 0
 273 0114 81B0     		sub	sp, sp, #4
 274              	.LCFI6:
 275              		.loc 1 212 0
 276 0116 0B70     		strb	r3, [r1]
 277              		.loc 1 213 0
 278 0118 051E     		sub	r5, r0, #0
 279 011a 02D1     		bne	.L32
 280              		.loc 1 215 0
 281 011c 0123     		mov	r3, #1
 282 011e 0B70     		strb	r3, [r1]
 283              		.loc 1 217 0
 284 0120 21E0     		b	.L31
 285              	.L32:
 286              		.loc 1 220 0
 287 0122 FFF7FEFF 		bl	halDisableInterrupts_oshal
 288 0126 0090     		str	r0, [sp]
 289 0128 C046     		 nop
 290              		.loc 1 223 0
 291              		.code	16
 292 012a 114C     		ldr	r4, .L44
 293 012c 2168     		ldr	r1, [r4]
 294              	.L43:
 295 012e 0029     		cmp	r1, #0
 296 0130 15D0     		beq	.L42
 297              		.loc 1 225 0
 298 0132 A942     		cmp	r1, r5
 299 0134 11D1     		bne	.L35
ARM GAS  /cygdrive/c/DOCUME~1/ANDERS~1/LOKALA~1/Temp/cc527x0h.s 			page 13


 300              		.loc 1 227 0
 301 0136 4A68     		ldr	r2, [r1, #4]
 302 0138 002A     		cmp	r2, #0
 303 013a 01D0     		beq	.L37
 304              		.loc 1 229 0
 305 013c 0B68     		ldr	r3, [r1]
 306 013e 1360     		str	r3, [r2]
 307              	.L37:
 308              		.loc 1 231 0
 309 0140 0868     		ldr	r0, [r1]
 310 0142 0028     		cmp	r0, #0
 311 0144 04D0     		beq	.L38
 312              		.loc 1 234 0
 313 0146 0369     		ldr	r3, [r0, #16]
 314              		.loc 1 233 0
 315 0148 4260     		str	r2, [r0, #4]
 316              		.loc 1 234 0
 317 014a 0A69     		ldr	r2, [r1, #16]
 318 014c 9B18     		add	r3, r3, r2
 319 014e 0361     		str	r3, [r0, #16]
 320              	.L38:
 321              		.loc 1 236 0
 322 0150 2368     		ldr	r3, [r4]
 323 0152 9942     		cmp	r1, r3
 324 0154 03D1     		bne	.L42
 325              		.loc 1 238 0
 326 0156 2060     		str	r0, [r4]
 327 0158 01E0     		b	.L42
 328              	.L35:
 329              		.loc 1 223 0
 330 015a 0968     		ldr	r1, [r1]
 331 015c E7E7     		b	.L43
 332              	.L42:
 333              		.loc 1 244 0
 334 015e 0098     		ldr	r0, [sp]
 335 0160 FFF7FEFF 		bl	halRestoreInterrupts_oshal
 336 0164 C046     		 nop
 337              		.code	16
 338              	.L31:
 339              		.loc 1 245 0
 340 0166 01B0     		add	sp, sp, #4
 341              		@ sp needed for prologue
 342 0168 30BC     		pop	{r4, r5}
 343 016a 01BC     		pop	{r0}
 344 016c 0047     		bx	r0
 345              	.L45:
 346 016e 0000     		.align	2
 347              	.L44:
 348 0170 08000000 		.word	pTimerList
 349              	.LFE4:
 350              		.size	osDeleteTimer, .-osDeleteTimer
 351              		.align	2
 352              		.global	osInitTimers
 353              		.code 16
 354              		.thumb_func
 355              		.type	osInitTimers, %function
 356              	osInitTimers:
ARM GAS  /cygdrive/c/DOCUME~1/ANDERS~1/LOKALA~1/Temp/cc527x0h.s 			page 14


 357              	.LFB5:
 358              		.loc 1 269 0
 359 0174 30B5     		push	{r4, r5, lr}
 360              	.LCFI7:
 361 0176 84B0     		sub	sp, sp, #16
 362              	.LCFI8:
 363              		.loc 1 269 0
 364 0178 051C     		mov	r5, r0
 365              		.loc 1 271 0
 366 017a 0021     		mov	r1, #0
 367 017c 0B48     		ldr	r0, .L47
 368              		.loc 1 272 0
 369 017e 6C46     		mov	r4, sp
 370              		.loc 1 271 0
 371 0180 FFF7FEFF 		bl	osSemInit
 372              		.loc 1 272 0
 373 0184 0F34     		add	r4, r4, #15
 374 0186 0023     		mov	r3, #0
 375 0188 C822     		mov	r2, #200
 376 018a 0093     		str	r3, [sp]
 377 018c 0193     		str	r3, [sp, #4]
 378 018e 9200     		lsl	r2, r2, #2
 379 0190 231C     		mov	r3, r4
 380 0192 0748     		ldr	r0, .L47+4
 381 0194 0749     		ldr	r1, .L47+8
 382 0196 0295     		str	r5, [sp, #8]
 383 0198 FFF7FEFF 		bl	osCreateProcess
 384              		.loc 1 273 0
 385 019c 291C     		mov	r1, r5
 386 019e 2078     		ldrb	r0, [r4]
 387 01a0 FFF7FEFF 		bl	osStartProcess
 388 01a4 04B0     		add	sp, sp, #16
 389              		@ sp needed for prologue
 390 01a6 30BC     		pop	{r4, r5}
 391 01a8 01BC     		pop	{r0}
 392 01aa 0047     		bx	r0
 393              	.L48:
 394              		.align	2
 395              	.L47:
 396 01ac 0C000000 		.word	timerSem
 397 01b0 00000000 		.word	timerProcess
 398 01b4 28000000 		.word	pTimerStack
 399              	.LFE5:
 400              		.size	osInitTimers, .-osInitTimers
 401              		.align	2
 402              		.code 16
 403              		.thumb_func
 404              		.type	timerProcess, %function
 405              	timerProcess:
 406              	.LFB6:
 407              		.loc 1 293 0
 408 01b8 10B5     		push	{r4, lr}
 409              	.LCFI9:
 410 01ba 82B0     		sub	sp, sp, #8
 411              	.LCFI10:
 412              	.L59:
 413              		.loc 1 301 0
ARM GAS  /cygdrive/c/DOCUME~1/ANDERS~1/LOKALA~1/Temp/cc527x0h.s 			page 15


 414 01bc 6A46     		mov	r2, sp
 415 01be 0021     		mov	r1, #0
 416 01c0 0332     		add	r2, r2, #3
 417 01c2 1248     		ldr	r0, .L60
 418 01c4 FFF7FEFF 		bl	osSemTake
 419              		.loc 1 302 0
 420 01c8 FFF7FEFF 		bl	halDisableInterrupts_oshal
 421 01cc 0190     		str	r0, [sp, #4]
 422 01ce C046     		 nop
 423              		.loc 1 303 0
 424              		.code	16
 425 01d0 0F4B     		ldr	r3, .L60+4
 426 01d2 1868     		ldr	r0, [r3]
 427 01d4 0028     		cmp	r0, #0
 428 01d6 14D0     		beq	.L52
 429              		.loc 1 306 0
 430 01d8 0268     		ldr	r2, [r0]
 431 01da 1A60     		str	r2, [r3]
 432              		.loc 1 307 0
 433 01dc 002A     		cmp	r2, #0
 434 01de 01D1     		bne	.L53
 435              		.loc 1 309 0
 436 01e0 0C4B     		ldr	r3, .L60+8
 437 01e2 1A60     		str	r2, [r3]
 438              	.L53:
 439              		.loc 1 312 0
 440 01e4 037E     		ldrb	r3, [r0, #24]
 441              		.loc 1 311 0
 442 01e6 C468     		ldr	r4, [r0, #12]
 443              		.loc 1 312 0
 444 01e8 012B     		cmp	r3, #1
 445 01ea 03D1     		bne	.L54
 446              		.loc 1 314 0
 447 01ec 4369     		ldr	r3, [r0, #20]
 448 01ee 0361     		str	r3, [r0, #16]
 449              		.loc 1 315 0
 450 01f0 FFF7FEFF 		bl	addToTimerList
 451              	.L54:
 452              		.loc 1 317 0
 453 01f4 0198     		ldr	r0, [sp, #4]
 454 01f6 FFF7FEFF 		bl	halRestoreInterrupts_oshal
 455 01fa C046     		 nop
 456              		.loc 1 318 0
 457              		.code	16
 458 01fc FFF7FEFF 		bl	_call_via_r4
 459 0200 DCE7     		b	.L59
 460              	.L52:
 461              		.loc 1 322 0
 462 0202 0198     		ldr	r0, [sp, #4]
 463 0204 FFF7FEFF 		bl	halRestoreInterrupts_oshal
 464 0208 C046     		 nop
 465              		.code	16
 466 020a D7E7     		b	.L59
 467              	.L61:
 468              		.align	2
 469              	.L60:
 470 020c 0C000000 		.word	timerSem
ARM GAS  /cygdrive/c/DOCUME~1/ANDERS~1/LOKALA~1/Temp/cc527x0h.s 			page 16


 471 0210 04000000 		.word	pFiredListFirst
 472 0214 00000000 		.word	pFiredListLast
 473              	.LFE6:
 474              		.size	timerProcess, .-timerProcess
 475              		.bss
 476              		.align	2
 477              	timerSem:
 478 000c 00000000 		.space	28
 478      00000000 
 478      00000000 
 478      00000000 
 478      00000000 
 479              	pTimerStack:
 480 0028 00000000 		.space	800
 480      00000000 
 480      00000000 
 480      00000000 
 480      00000000 
 481              		.section	.debug_frame,"",%progbits
 482              	.Lframe0:
 483 0000 0C000000 		.4byte	.LECIE0-.LSCIE0
 484              	.LSCIE0:
 485 0004 FFFFFFFF 		.4byte	0xffffffff
 486 0008 01       		.byte	0x1
 487 0009 00       		.ascii	"\000"
 488 000a 01       		.uleb128 0x1
 489 000b 7C       		.sleb128 -4
 490 000c 0E       		.byte	0xe
 491 000d 0C       		.byte	0xc
 492 000e 0D       		.uleb128 0xd
 493 000f 00       		.uleb128 0x0
 494              		.align	2
 495              	.LECIE0:
 496              	.LSFDE0:
 497 0010 18000000 		.4byte	.LEFDE0-.LASFDE0
 498              	.LASFDE0:
 499 0014 00000000 		.4byte	.Lframe0
 500 0018 00000000 		.4byte	.LFB2
 501 001c 84000000 		.4byte	.LFE2-.LFB2
 502 0020 42       		.byte	0x4
 503              		.4byte	.LCFI0-.LFB2
 504 0021 0E       		.byte	0xe
 505 0022 0C       		.uleb128 0xc
 506 0023 84       		.byte	0x84
 507 0024 03       		.uleb128 0x3
 508 0025 85       		.byte	0x85
 509 0026 02       		.uleb128 0x2
 510 0027 8E       		.byte	0x8e
 511 0028 01       		.uleb128 0x1
 512 0029 42       		.byte	0x4
 513              		.4byte	.LCFI1-.LCFI0
 514 002a 0E       		.byte	0xe
 515 002b 14       		.uleb128 0x14
 516              		.align	2
 517              	.LEFDE0:
 518              	.LSFDE2:
 519 002c 18000000 		.4byte	.LEFDE2-.LASFDE2
ARM GAS  /cygdrive/c/DOCUME~1/ANDERS~1/LOKALA~1/Temp/cc527x0h.s 			page 17


 520              	.LASFDE2:
 521 0030 00000000 		.4byte	.Lframe0
 522 0034 84000000 		.4byte	.LFB7
 523 0038 60000000 		.4byte	.LFE7-.LFB7
 524 003c 42       		.byte	0x4
 525              		.4byte	.LCFI2-.LFB7
 526 003d 0E       		.byte	0xe
 527 003e 0C       		.uleb128 0xc
 528 003f 84       		.byte	0x84
 529 0040 03       		.uleb128 0x3
 530 0041 85       		.byte	0x85
 531 0042 02       		.uleb128 0x2
 532 0043 8E       		.byte	0x8e
 533 0044 01       		.uleb128 0x1
 534 0045 000000   		.align	2
 535              	.LEFDE2:
 536              	.LSFDE4:
 537 0048 18000000 		.4byte	.LEFDE4-.LASFDE4
 538              	.LASFDE4:
 539 004c 00000000 		.4byte	.Lframe0
 540 0050 E4000000 		.4byte	.LFB3
 541 0054 2C000000 		.4byte	.LFE3-.LFB3
 542 0058 42       		.byte	0x4
 543              		.4byte	.LCFI3-.LFB3
 544 0059 0E       		.byte	0xe
 545 005a 08       		.uleb128 0x8
 546 005b 84       		.byte	0x84
 547 005c 02       		.uleb128 0x2
 548 005d 8E       		.byte	0x8e
 549 005e 01       		.uleb128 0x1
 550 005f 42       		.byte	0x4
 551              		.4byte	.LCFI4-.LCFI3
 552 0060 0E       		.byte	0xe
 553 0061 0C       		.uleb128 0xc
 554 0062 0000     		.align	2
 555              	.LEFDE4:
 556              	.LSFDE6:
 557 0064 18000000 		.4byte	.LEFDE6-.LASFDE6
 558              	.LASFDE6:
 559 0068 00000000 		.4byte	.Lframe0
 560 006c 10010000 		.4byte	.LFB4
 561 0070 64000000 		.4byte	.LFE4-.LFB4
 562 0074 42       		.byte	0x4
 563              		.4byte	.LCFI5-.LFB4
 564 0075 0E       		.byte	0xe
 565 0076 0C       		.uleb128 0xc
 566 0077 84       		.byte	0x84
 567 0078 03       		.uleb128 0x3
 568 0079 85       		.byte	0x85
 569 007a 02       		.uleb128 0x2
 570 007b 8E       		.byte	0x8e
 571 007c 01       		.uleb128 0x1
 572 007d 44       		.byte	0x4
 573              		.4byte	.LCFI6-.LCFI5
 574 007e 0E       		.byte	0xe
 575 007f 10       		.uleb128 0x10
 576              		.align	2
ARM GAS  /cygdrive/c/DOCUME~1/ANDERS~1/LOKALA~1/Temp/cc527x0h.s 			page 18


 577              	.LEFDE6:
 578              	.LSFDE8:
 579 0080 18000000 		.4byte	.LEFDE8-.LASFDE8
 580              	.LASFDE8:
 581 0084 00000000 		.4byte	.Lframe0
 582 0088 74010000 		.4byte	.LFB5
 583 008c 44000000 		.4byte	.LFE5-.LFB5
 584 0090 42       		.byte	0x4
 585              		.4byte	.LCFI7-.LFB5
 586 0091 0E       		.byte	0xe
 587 0092 0C       		.uleb128 0xc
 588 0093 84       		.byte	0x84
 589 0094 03       		.uleb128 0x3
 590 0095 85       		.byte	0x85
 591 0096 02       		.uleb128 0x2
 592 0097 8E       		.byte	0x8e
 593 0098 01       		.uleb128 0x1
 594 0099 42       		.byte	0x4
 595              		.4byte	.LCFI8-.LCFI7
 596 009a 0E       		.byte	0xe
 597 009b 1C       		.uleb128 0x1c
 598              		.align	2
 599              	.LEFDE8:
 600              	.LSFDE10:
 601 009c 18000000 		.4byte	.LEFDE10-.LASFDE10
 602              	.LASFDE10:
 603 00a0 00000000 		.4byte	.Lframe0
 604 00a4 B8010000 		.4byte	.LFB6
 605 00a8 60000000 		.4byte	.LFE6-.LFB6
 606 00ac 42       		.byte	0x4
 607              		.4byte	.LCFI9-.LFB6
 608 00ad 0E       		.byte	0xe
 609 00ae 08       		.uleb128 0x8
 610 00af 84       		.byte	0x84
 611 00b0 02       		.uleb128 0x2
 612 00b1 8E       		.byte	0x8e
 613 00b2 01       		.uleb128 0x1
 614 00b3 42       		.byte	0x4
 615              		.4byte	.LCFI10-.LCFI9
 616 00b4 0E       		.byte	0xe
 617 00b5 10       		.uleb128 0x10
 618 00b6 0000     		.align	2
 619              	.LEFDE10:
 620              		.file 2 "core/../api/general.h"
 621              		.file 3 "core/timer.h"
 622              		.file 4 "core/count_sem.h"
 623              		.file 5 "core/event.h"
 624              		.file 6 "core/prioqueue.h"
 625              		.file 7 "core/pcb.h"
 626              		.text
 627              	.Letext0:
 628              		.section	.debug_info
 629 0000 B4040000 		.4byte	0x4b4
 630 0004 0200     		.2byte	0x2
 631 0006 00000000 		.4byte	.Ldebug_abbrev0
 632 000a 04       		.byte	0x4
 633 000b 01       		.uleb128 0x1
ARM GAS  /cygdrive/c/DOCUME~1/ANDERS~1/LOKALA~1/Temp/cc527x0h.s 			page 19


 634 000c 00000000 		.4byte	.Ldebug_line0
 635 0010 18020000 		.4byte	.Letext0
 636 0014 00000000 		.4byte	.Ltext0
 637 0018 4E010000 		.4byte	.LASF58
 638 001c 01       		.byte	0x1
 639 001d 77000000 		.4byte	.LASF59
 640 0021 CA010000 		.4byte	.LASF60
 641 0025 02       		.uleb128 0x2
 642 0026 74553800 		.ascii	"tU8\000"
 643 002a 02       		.byte	0x2
 644 002b 47       		.byte	0x47
 645 002c 30000000 		.4byte	0x30
 646 0030 03       		.uleb128 0x3
 647 0031 8D000000 		.4byte	.LASF1
 648 0035 01       		.byte	0x1
 649 0036 08       		.byte	0x8
 650 0037 04       		.uleb128 0x4
 651 0038 80020000 		.4byte	.LASF0
 652 003c 02       		.byte	0x2
 653 003d 48       		.byte	0x48
 654 003e 42000000 		.4byte	0x42
 655 0042 03       		.uleb128 0x3
 656 0043 DE000000 		.4byte	.LASF2
 657 0047 02       		.byte	0x2
 658 0048 07       		.byte	0x7
 659 0049 04       		.uleb128 0x4
 660 004a 85020000 		.4byte	.LASF3
 661 004e 02       		.byte	0x2
 662 004f 49       		.byte	0x49
 663 0050 54000000 		.4byte	0x54
 664 0054 03       		.uleb128 0x3
 665 0055 96010000 		.4byte	.LASF4
 666 0059 04       		.byte	0x4
 667 005a 07       		.byte	0x7
 668 005b 03       		.uleb128 0x3
 669 005c D0020000 		.4byte	.LASF5
 670 0060 01       		.byte	0x1
 671 0061 06       		.byte	0x6
 672 0062 03       		.uleb128 0x3
 673 0063 AB020000 		.4byte	.LASF6
 674 0067 02       		.byte	0x2
 675 0068 05       		.byte	0x5
 676 0069 05       		.uleb128 0x5
 677 006a 696E7400 		.ascii	"int\000"
 678 006e 04       		.byte	0x4
 679 006f 05       		.byte	0x5
 680 0070 04       		.uleb128 0x4
 681 0071 F1020000 		.4byte	.LASF7
 682 0075 02       		.byte	0x2
 683 0076 4D       		.byte	0x4d
 684 0077 30000000 		.4byte	0x30
 685 007b 06       		.uleb128 0x6
 686 007c EA000000 		.4byte	0xea
 687 0080 64020000 		.4byte	.LASF16
 688 0084 1C       		.byte	0x1c
 689 0085 03       		.byte	0x3
 690 0086 46       		.byte	0x46
ARM GAS  /cygdrive/c/DOCUME~1/ANDERS~1/LOKALA~1/Temp/cc527x0h.s 			page 20


 691 0087 07       		.uleb128 0x7
 692 0088 13000000 		.4byte	.LASF8
 693 008c 03       		.byte	0x3
 694 008d 47       		.byte	0x47
 695 008e EA000000 		.4byte	0xea
 696 0092 02       		.byte	0x2
 697 0093 23       		.byte	0x23
 698 0094 00       		.uleb128 0x0
 699 0095 07       		.uleb128 0x7
 700 0096 84000000 		.4byte	.LASF9
 701 009a 03       		.byte	0x3
 702 009b 48       		.byte	0x48
 703 009c EA000000 		.4byte	0xea
 704 00a0 02       		.byte	0x2
 705 00a1 23       		.byte	0x23
 706 00a2 04       		.uleb128 0x4
 707 00a3 07       		.uleb128 0x7
 708 00a4 AD010000 		.4byte	.LASF10
 709 00a8 03       		.byte	0x3
 710 00a9 49       		.byte	0x49
 711 00aa EA000000 		.4byte	0xea
 712 00ae 02       		.byte	0x2
 713 00af 23       		.byte	0x23
 714 00b0 08       		.uleb128 0x8
 715 00b1 07       		.uleb128 0x7
 716 00b2 F1000000 		.4byte	.LASF11
 717 00b6 03       		.byte	0x3
 718 00b7 4A       		.byte	0x4a
 719 00b8 F2000000 		.4byte	0xf2
 720 00bc 02       		.byte	0x2
 721 00bd 23       		.byte	0x23
 722 00be 0C       		.uleb128 0xc
 723 00bf 07       		.uleb128 0x7
 724 00c0 30000000 		.4byte	.LASF12
 725 00c4 03       		.byte	0x3
 726 00c5 4B       		.byte	0x4b
 727 00c6 49000000 		.4byte	0x49
 728 00ca 02       		.byte	0x2
 729 00cb 23       		.byte	0x23
 730 00cc 10       		.uleb128 0x10
 731 00cd 07       		.uleb128 0x7
 732 00ce 6E020000 		.4byte	.LASF13
 733 00d2 03       		.byte	0x3
 734 00d3 4C       		.byte	0x4c
 735 00d4 49000000 		.4byte	0x49
 736 00d8 02       		.byte	0x2
 737 00d9 23       		.byte	0x23
 738 00da 14       		.uleb128 0x14
 739 00db 07       		.uleb128 0x7
 740 00dc 5D020000 		.4byte	.LASF14
 741 00e0 03       		.byte	0x3
 742 00e1 4D       		.byte	0x4d
 743 00e2 70000000 		.4byte	0x70
 744 00e6 02       		.byte	0x2
 745 00e7 23       		.byte	0x23
 746 00e8 18       		.uleb128 0x18
 747 00e9 00       		.byte	0x0
ARM GAS  /cygdrive/c/DOCUME~1/ANDERS~1/LOKALA~1/Temp/cc527x0h.s 			page 21


 748 00ea 08       		.uleb128 0x8
 749 00eb 04       		.byte	0x4
 750 00ec 7B000000 		.4byte	0x7b
 751 00f0 09       		.uleb128 0x9
 752 00f1 01       		.byte	0x1
 753 00f2 08       		.uleb128 0x8
 754 00f3 04       		.byte	0x4
 755 00f4 F0000000 		.4byte	0xf0
 756 00f8 04       		.uleb128 0x4
 757 00f9 3C000000 		.4byte	.LASF15
 758 00fd 03       		.byte	0x3
 759 00fe 4E       		.byte	0x4e
 760 00ff 7B000000 		.4byte	0x7b
 761 0103 06       		.uleb128 0x6
 762 0104 B8010000 		.4byte	0x1b8
 763 0108 30010000 		.4byte	.LASF17
 764 010c 28       		.byte	0x28
 765 010d 07       		.byte	0x7
 766 010e 4D       		.byte	0x4d
 767 010f 07       		.uleb128 0x7
 768 0110 18000000 		.4byte	.LASF18
 769 0114 07       		.byte	0x7
 770 0115 4E       		.byte	0x4e
 771 0116 B8010000 		.4byte	0x1b8
 772 011a 02       		.byte	0x2
 773 011b 23       		.byte	0x23
 774 011c 00       		.uleb128 0x0
 775 011d 07       		.uleb128 0x7
 776 011e A2000000 		.4byte	.LASF19
 777 0122 07       		.byte	0x7
 778 0123 4F       		.byte	0x4f
 779 0124 BE010000 		.4byte	0x1be
 780 0128 02       		.byte	0x2
 781 0129 23       		.byte	0x23
 782 012a 04       		.uleb128 0x4
 783 012b 07       		.uleb128 0x7
 784 012c FA000000 		.4byte	.LASF20
 785 0130 07       		.byte	0x7
 786 0131 50       		.byte	0x50
 787 0132 BE010000 		.4byte	0x1be
 788 0136 02       		.byte	0x2
 789 0137 23       		.byte	0x23
 790 0138 08       		.uleb128 0x8
 791 0139 07       		.uleb128 0x7
 792 013a 82010000 		.4byte	.LASF21
 793 013e 07       		.byte	0x7
 794 013f 51       		.byte	0x51
 795 0140 BE010000 		.4byte	0x1be
 796 0144 02       		.byte	0x2
 797 0145 23       		.byte	0x23
 798 0146 0C       		.uleb128 0xc
 799 0147 07       		.uleb128 0x7
 800 0148 3A010000 		.4byte	.LASF22
 801 014c 07       		.byte	0x7
 802 014d 52       		.byte	0x52
 803 014e BE010000 		.4byte	0x1be
 804 0152 02       		.byte	0x2
ARM GAS  /cygdrive/c/DOCUME~1/ANDERS~1/LOKALA~1/Temp/cc527x0h.s 			page 22


 805 0153 23       		.byte	0x23
 806 0154 10       		.uleb128 0x10
 807 0155 07       		.uleb128 0x7
 808 0156 C1020000 		.4byte	.LASF23
 809 015a 07       		.byte	0x7
 810 015b 53       		.byte	0x53
 811 015c BE010000 		.4byte	0x1be
 812 0160 02       		.byte	0x2
 813 0161 23       		.byte	0x23
 814 0162 14       		.uleb128 0x14
 815 0163 0A       		.uleb128 0xa
 816 0164 70696400 		.ascii	"pid\000"
 817 0168 07       		.byte	0x7
 818 0169 54       		.byte	0x54
 819 016a 25000000 		.4byte	0x25
 820 016e 02       		.byte	0x2
 821 016f 23       		.byte	0x23
 822 0170 18       		.uleb128 0x18
 823 0171 07       		.uleb128 0x7
 824 0172 0E000000 		.4byte	.LASF24
 825 0176 07       		.byte	0x7
 826 0177 55       		.byte	0x55
 827 0178 25000000 		.4byte	0x25
 828 017c 02       		.byte	0x2
 829 017d 23       		.byte	0x23
 830 017e 19       		.uleb128 0x19
 831 017f 07       		.uleb128 0x7
 832 0180 76010000 		.4byte	.LASF25
 833 0184 07       		.byte	0x7
 834 0185 56       		.byte	0x56
 835 0186 25000000 		.4byte	0x25
 836 018a 02       		.byte	0x2
 837 018b 23       		.byte	0x23
 838 018c 1A       		.uleb128 0x1a
 839 018d 07       		.uleb128 0x7
 840 018e EB020000 		.4byte	.LASF26
 841 0192 07       		.byte	0x7
 842 0193 57       		.byte	0x57
 843 0194 49000000 		.4byte	0x49
 844 0198 02       		.byte	0x2
 845 0199 23       		.byte	0x23
 846 019a 1C       		.uleb128 0x1c
 847 019b 07       		.uleb128 0x7
 848 019c 98020000 		.4byte	.LASF27
 849 01a0 07       		.byte	0x7
 850 01a1 5A       		.byte	0x5a
 851 01a2 B8010000 		.4byte	0x1b8
 852 01a6 02       		.byte	0x2
 853 01a7 23       		.byte	0x23
 854 01a8 20       		.uleb128 0x20
 855 01a9 07       		.uleb128 0x7
 856 01aa A3010000 		.4byte	.LASF28
 857 01ae 07       		.byte	0x7
 858 01af 5B       		.byte	0x5b
 859 01b0 37000000 		.4byte	0x37
 860 01b4 02       		.byte	0x2
 861 01b5 23       		.byte	0x23
ARM GAS  /cygdrive/c/DOCUME~1/ANDERS~1/LOKALA~1/Temp/cc527x0h.s 			page 23


 862 01b6 24       		.uleb128 0x24
 863 01b7 00       		.byte	0x0
 864 01b8 08       		.uleb128 0x8
 865 01b9 04       		.byte	0x4
 866 01ba 25000000 		.4byte	0x25
 867 01be 08       		.uleb128 0x8
 868 01bf 04       		.byte	0x4
 869 01c0 03010000 		.4byte	0x103
 870 01c4 04       		.uleb128 0x4
 871 01c5 9B000000 		.4byte	.LASF29
 872 01c9 07       		.byte	0x7
 873 01ca 5D       		.byte	0x5d
 874 01cb 03010000 		.4byte	0x103
 875 01cf 06       		.uleb128 0x6
 876 01d0 F8010000 		.4byte	0x1f8
 877 01d4 73020000 		.4byte	.LASF30
 878 01d8 18       		.byte	0x18
 879 01d9 06       		.byte	0x6
 880 01da 49       		.byte	0x49
 881 01db 07       		.uleb128 0x7
 882 01dc 18010000 		.4byte	.LASF31
 883 01e0 06       		.byte	0x6
 884 01e1 4A       		.byte	0x4a
 885 01e2 F8010000 		.4byte	0x1f8
 886 01e6 02       		.byte	0x2
 887 01e7 23       		.byte	0x23
 888 01e8 00       		.uleb128 0x0
 889 01e9 07       		.uleb128 0x7
 890 01ea 36000000 		.4byte	.LASF32
 891 01ee 06       		.byte	0x6
 892 01ef 4B       		.byte	0x4b
 893 01f0 0F020000 		.4byte	0x20f
 894 01f4 02       		.byte	0x2
 895 01f5 23       		.byte	0x23
 896 01f6 14       		.uleb128 0x14
 897 01f7 00       		.byte	0x0
 898 01f8 0B       		.uleb128 0xb
 899 01f9 08020000 		.4byte	0x208
 900 01fd 0F020000 		.4byte	0x20f
 901 0201 0C       		.uleb128 0xc
 902 0202 08020000 		.4byte	0x208
 903 0206 04       		.byte	0x4
 904 0207 00       		.byte	0x0
 905 0208 03       		.uleb128 0x3
 906 0209 CC000000 		.4byte	.LASF33
 907 020d 04       		.byte	0x4
 908 020e 07       		.byte	0x7
 909 020f 08       		.uleb128 0x8
 910 0210 04       		.byte	0x4
 911 0211 C4010000 		.4byte	0x1c4
 912 0215 04       		.uleb128 0x4
 913 0216 B6000000 		.4byte	.LASF34
 914 021a 06       		.byte	0x6
 915 021b 4C       		.byte	0x4c
 916 021c CF010000 		.4byte	0x1cf
 917 0220 06       		.uleb128 0x6
 918 0221 3B020000 		.4byte	0x23b
ARM GAS  /cygdrive/c/DOCUME~1/ANDERS~1/LOKALA~1/Temp/cc527x0h.s 			page 24


 919 0225 A0020000 		.4byte	.LASF35
 920 0229 18       		.byte	0x18
 921 022a 05       		.byte	0x5
 922 022b 46       		.byte	0x46
 923 022c 07       		.uleb128 0x7
 924 022d C4010000 		.4byte	.LASF36
 925 0231 05       		.byte	0x5
 926 0232 47       		.byte	0x47
 927 0233 15020000 		.4byte	0x215
 928 0237 02       		.byte	0x2
 929 0238 23       		.byte	0x23
 930 0239 00       		.uleb128 0x0
 931 023a 00       		.byte	0x0
 932 023b 04       		.uleb128 0x4
 933 023c 8F020000 		.4byte	.LASF37
 934 0240 05       		.byte	0x5
 935 0241 48       		.byte	0x48
 936 0242 20020000 		.4byte	0x220
 937 0246 06       		.uleb128 0x6
 938 0247 6E020000 		.4byte	0x26e
 939 024b 26000000 		.4byte	.LASF38
 940 024f 1C       		.byte	0x1c
 941 0250 04       		.byte	0x4
 942 0251 45       		.byte	0x45
 943 0252 0A       		.uleb128 0xa
 944 0253 657600   		.ascii	"ev\000"
 945 0256 04       		.byte	0x4
 946 0257 46       		.byte	0x46
 947 0258 3B020000 		.4byte	0x23b
 948 025c 02       		.byte	0x2
 949 025d 23       		.byte	0x23
 950 025e 00       		.uleb128 0x0
 951 025f 0A       		.uleb128 0xa
 952 0260 636E7400 		.ascii	"cnt\000"
 953 0264 04       		.byte	0x4
 954 0265 47       		.byte	0x47
 955 0266 37000000 		.4byte	0x37
 956 026a 02       		.byte	0x2
 957 026b 23       		.byte	0x23
 958 026c 18       		.uleb128 0x18
 959 026d 00       		.byte	0x0
 960 026e 04       		.uleb128 0x4
 961 026f 50000000 		.4byte	.LASF39
 962 0273 04       		.byte	0x4
 963 0274 49       		.byte	0x49
 964 0275 46020000 		.4byte	0x246
 965 0279 0D       		.uleb128 0xd
 966 027a C7020000 		.4byte	0x2c7
 967 027e 01       		.byte	0x1
 968 027f 0E010000 		.4byte	.LASF45
 969 0283 01       		.byte	0x1
 970 0284 69       		.byte	0x69
 971 0285 01       		.byte	0x1
 972 0286 00000000 		.4byte	.LFB2
 973 028a 84000000 		.4byte	.LFE2
 974 028e 01       		.byte	0x1
 975 028f 5D       		.byte	0x5d
ARM GAS  /cygdrive/c/DOCUME~1/ANDERS~1/LOKALA~1/Temp/cc527x0h.s 			page 25


 976 0290 0E       		.uleb128 0xe
 977 0291 58000000 		.4byte	.LASF40
 978 0295 01       		.byte	0x1
 979 0296 6A       		.byte	0x6a
 980 0297 C7020000 		.4byte	0x2c7
 981 029b 02       		.byte	0x2
 982 029c 91       		.byte	0x91
 983 029d 04       		.sleb128 4
 984 029e 0E       		.uleb128 0xe
 985 029f BE010000 		.4byte	.LASF41
 986 02a3 01       		.byte	0x1
 987 02a4 6B       		.byte	0x6b
 988 02a5 CC020000 		.4byte	0x2cc
 989 02a9 01       		.byte	0x1
 990 02aa 55       		.byte	0x55
 991 02ab 0E       		.uleb128 0xe
 992 02ac 8A020000 		.4byte	.LASF42
 993 02b0 01       		.byte	0x1
 994 02b1 6C       		.byte	0x6c
 995 02b2 CC020000 		.4byte	0x2cc
 996 02b6 01       		.byte	0x1
 997 02b7 54       		.byte	0x54
 998 02b8 0E       		.uleb128 0xe
 999 02b9 B5020000 		.4byte	.LASF43
 1000 02bd 01       		.byte	0x1
 1001 02be 6D       		.byte	0x6d
 1002 02bf 25000000 		.4byte	0x25
 1003 02c3 02       		.byte	0x2
 1004 02c4 91       		.byte	0x91
 1005 02c5 03       		.sleb128 3
 1006 02c6 00       		.byte	0x0
 1007 02c7 0F       		.uleb128 0xf
 1008 02c8 49000000 		.4byte	0x49
 1009 02cc 08       		.uleb128 0x8
 1010 02cd 04       		.byte	0x4
 1011 02ce F8000000 		.4byte	0xf8
 1012 02d2 10       		.uleb128 0x10
 1013 02d3 14030000 		.4byte	0x314
 1014 02d7 DC020000 		.4byte	.LASF51
 1015 02db 01       		.byte	0x1
 1016 02dc 5301     		.2byte	0x153
 1017 02de 01       		.byte	0x1
 1018 02df 84000000 		.4byte	.LFB7
 1019 02e3 E4000000 		.4byte	.LFE7
 1020 02e7 01       		.byte	0x1
 1021 02e8 5D       		.byte	0x5d
 1022 02e9 11       		.uleb128 0x11
 1023 02ea 70000000 		.4byte	.LASF47
 1024 02ee 01       		.byte	0x1
 1025 02ef 5201     		.2byte	0x152
 1026 02f1 CC020000 		.4byte	0x2cc
 1027 02f5 01       		.byte	0x1
 1028 02f6 50       		.byte	0x50
 1029 02f7 12       		.uleb128 0x12
 1030 02f8 8A020000 		.4byte	.LASF42
 1031 02fc 01       		.byte	0x1
 1032 02fd 5401     		.2byte	0x154
ARM GAS  /cygdrive/c/DOCUME~1/ANDERS~1/LOKALA~1/Temp/cc527x0h.s 			page 26


 1033 02ff CC020000 		.4byte	0x2cc
 1034 0303 01       		.byte	0x1
 1035 0304 51       		.byte	0x51
 1036 0305 12       		.uleb128 0x12
 1037 0306 BB020000 		.4byte	.LASF44
 1038 030a 01       		.byte	0x1
 1039 030b 5501     		.2byte	0x155
 1040 030d CC020000 		.4byte	0x2cc
 1041 0311 01       		.byte	0x1
 1042 0312 54       		.byte	0x54
 1043 0313 00       		.byte	0x0
 1044 0314 0D       		.uleb128 0xd
 1045 0315 6E030000 		.4byte	0x36e
 1046 0319 01       		.byte	0x1
 1047 031a 00000000 		.4byte	.LASF46
 1048 031e 01       		.byte	0x1
 1049 031f AE       		.byte	0xae
 1050 0320 01       		.byte	0x1
 1051 0321 E4000000 		.4byte	.LFB3
 1052 0325 10010000 		.4byte	.LFE3
 1053 0329 01       		.byte	0x1
 1054 032a 5D       		.byte	0x5d
 1055 032b 13       		.uleb128 0x13
 1056 032c 70000000 		.4byte	.LASF47
 1057 0330 01       		.byte	0x1
 1058 0331 AA       		.byte	0xaa
 1059 0332 CC020000 		.4byte	0x2cc
 1060 0336 01       		.byte	0x1
 1061 0337 54       		.byte	0x54
 1062 0338 13       		.uleb128 0x13
 1063 0339 F1000000 		.4byte	.LASF11
 1064 033d 01       		.byte	0x1
 1065 033e AB       		.byte	0xab
 1066 033f F2000000 		.4byte	0xf2
 1067 0343 01       		.byte	0x1
 1068 0344 51       		.byte	0x51
 1069 0345 13       		.uleb128 0x13
 1070 0346 5D020000 		.4byte	.LASF14
 1071 034a 01       		.byte	0x1
 1072 034b AC       		.byte	0xac
 1073 034c 70000000 		.4byte	0x70
 1074 0350 01       		.byte	0x1
 1075 0351 52       		.byte	0x52
 1076 0352 13       		.uleb128 0x13
 1077 0353 6E020000 		.4byte	.LASF13
 1078 0357 01       		.byte	0x1
 1079 0358 AD       		.byte	0xad
 1080 0359 49000000 		.4byte	0x49
 1081 035d 01       		.byte	0x1
 1082 035e 53       		.byte	0x53
 1083 035f 0E       		.uleb128 0xe
 1084 0360 58000000 		.4byte	.LASF40
 1085 0364 01       		.byte	0x1
 1086 0365 AF       		.byte	0xaf
 1087 0366 C7020000 		.4byte	0x2c7
 1088 036a 02       		.byte	0x2
 1089 036b 91       		.byte	0x91
ARM GAS  /cygdrive/c/DOCUME~1/ANDERS~1/LOKALA~1/Temp/cc527x0h.s 			page 27


 1090 036c 00       		.sleb128 0
 1091 036d 00       		.byte	0x0
 1092 036e 0D       		.uleb128 0xd
 1093 036f BB030000 		.4byte	0x3bb
 1094 0373 01       		.byte	0x1
 1095 0374 22010000 		.4byte	.LASF48
 1096 0378 01       		.byte	0x1
 1097 0379 D0       		.byte	0xd0
 1098 037a 01       		.byte	0x1
 1099 037b 10010000 		.4byte	.LFB4
 1100 037f 74010000 		.4byte	.LFE4
 1101 0383 01       		.byte	0x1
 1102 0384 5D       		.byte	0x5d
 1103 0385 13       		.uleb128 0x13
 1104 0386 70000000 		.4byte	.LASF47
 1105 038a 01       		.byte	0x1
 1106 038b CE       		.byte	0xce
 1107 038c CC020000 		.4byte	0x2cc
 1108 0390 01       		.byte	0x1
 1109 0391 55       		.byte	0x55
 1110 0392 13       		.uleb128 0x13
 1111 0393 7B010000 		.4byte	.LASF49
 1112 0397 01       		.byte	0x1
 1113 0398 CF       		.byte	0xcf
 1114 0399 B8010000 		.4byte	0x1b8
 1115 039d 01       		.byte	0x1
 1116 039e 51       		.byte	0x51
 1117 039f 0E       		.uleb128 0xe
 1118 03a0 58000000 		.4byte	.LASF40
 1119 03a4 01       		.byte	0x1
 1120 03a5 D1       		.byte	0xd1
 1121 03a6 C7020000 		.4byte	0x2c7
 1122 03aa 02       		.byte	0x2
 1123 03ab 91       		.byte	0x91
 1124 03ac 00       		.sleb128 0
 1125 03ad 0E       		.uleb128 0xe
 1126 03ae 8A020000 		.4byte	.LASF42
 1127 03b2 01       		.byte	0x1
 1128 03b3 D2       		.byte	0xd2
 1129 03b4 CC020000 		.4byte	0x2cc
 1130 03b8 01       		.byte	0x1
 1131 03b9 51       		.byte	0x51
 1132 03ba 00       		.byte	0x0
 1133 03bb 14       		.uleb128 0x14
 1134 03bc F1030000 		.4byte	0x3f1
 1135 03c0 01       		.byte	0x1
 1136 03c1 43000000 		.4byte	.LASF50
 1137 03c5 01       		.byte	0x1
 1138 03c6 0D01     		.2byte	0x10d
 1139 03c8 01       		.byte	0x1
 1140 03c9 74010000 		.4byte	.LFB5
 1141 03cd B8010000 		.4byte	.LFE5
 1142 03d1 01       		.byte	0x1
 1143 03d2 5D       		.byte	0x5d
 1144 03d3 11       		.uleb128 0x11
 1145 03d4 7B010000 		.4byte	.LASF49
 1146 03d8 01       		.byte	0x1
ARM GAS  /cygdrive/c/DOCUME~1/ANDERS~1/LOKALA~1/Temp/cc527x0h.s 			page 28


 1147 03d9 0C01     		.2byte	0x10c
 1148 03db B8010000 		.4byte	0x1b8
 1149 03df 01       		.byte	0x1
 1150 03e0 55       		.byte	0x55
 1151 03e1 15       		.uleb128 0x15
 1152 03e2 70696400 		.ascii	"pid\000"
 1153 03e6 01       		.byte	0x1
 1154 03e7 0E01     		.2byte	0x10e
 1155 03e9 25000000 		.4byte	0x25
 1156 03ed 02       		.byte	0x2
 1157 03ee 91       		.byte	0x91
 1158 03ef 0F       		.sleb128 15
 1159 03f0 00       		.byte	0x0
 1160 03f1 10       		.uleb128 0x10
 1161 03f2 4F040000 		.4byte	0x44f
 1162 03f6 69010000 		.4byte	.LASF52
 1163 03fa 01       		.byte	0x1
 1164 03fb 2501     		.2byte	0x125
 1165 03fd 01       		.byte	0x1
 1166 03fe B8010000 		.4byte	.LFB6
 1167 0402 18020000 		.4byte	.LFE6
 1168 0406 01       		.byte	0x1
 1169 0407 5D       		.byte	0x5d
 1170 0408 16       		.uleb128 0x16
 1171 0409 61726700 		.ascii	"arg\000"
 1172 040d 01       		.byte	0x1
 1173 040e 2401     		.2byte	0x124
 1174 0410 4F040000 		.4byte	0x44f
 1175 0414 01       		.byte	0x1
 1176 0415 50       		.byte	0x50
 1177 0416 12       		.uleb128 0x12
 1178 0417 58000000 		.4byte	.LASF40
 1179 041b 01       		.byte	0x1
 1180 041c 2601     		.2byte	0x126
 1181 041e C7020000 		.4byte	0x2c7
 1182 0422 02       		.byte	0x2
 1183 0423 91       		.byte	0x91
 1184 0424 04       		.sleb128 4
 1185 0425 17       		.uleb128 0x17
 1186 0426 70000000 		.4byte	.LASF47
 1187 042a 01       		.byte	0x1
 1188 042b 2701     		.2byte	0x127
 1189 042d CC020000 		.4byte	0x2cc
 1190 0431 12       		.uleb128 0x12
 1191 0432 B5020000 		.4byte	.LASF43
 1192 0436 01       		.byte	0x1
 1193 0437 2801     		.2byte	0x128
 1194 0439 25000000 		.4byte	0x25
 1195 043d 02       		.byte	0x2
 1196 043e 91       		.byte	0x91
 1197 043f 03       		.sleb128 3
 1198 0440 12       		.uleb128 0x12
 1199 0441 F1000000 		.4byte	.LASF11
 1200 0445 01       		.byte	0x1
 1201 0446 2901     		.2byte	0x129
 1202 0448 F2000000 		.4byte	0xf2
 1203 044c 01       		.byte	0x1
ARM GAS  /cygdrive/c/DOCUME~1/ANDERS~1/LOKALA~1/Temp/cc527x0h.s 			page 29


 1204 044d 54       		.byte	0x54
 1205 044e 00       		.byte	0x0
 1206 044f 18       		.uleb128 0x18
 1207 0450 04       		.byte	0x4
 1208 0451 0E       		.uleb128 0xe
 1209 0452 C1000000 		.4byte	.LASF53
 1210 0456 01       		.byte	0x1
 1211 0457 4D       		.byte	0x4d
 1212 0458 CC020000 		.4byte	0x2cc
 1213 045c 05       		.byte	0x5
 1214 045d 03       		.byte	0x3
 1215 045e 08000000 		.4byte	pTimerList
 1216 0462 0E       		.uleb128 0xe
 1217 0463 5A010000 		.4byte	.LASF54
 1218 0467 01       		.byte	0x1
 1219 0468 4E       		.byte	0x4e
 1220 0469 CC020000 		.4byte	0x2cc
 1221 046d 05       		.byte	0x5
 1222 046e 03       		.byte	0x3
 1223 046f 00000000 		.4byte	pFiredListLast
 1224 0473 0E       		.uleb128 0xe
 1225 0474 60000000 		.4byte	.LASF55
 1226 0478 01       		.byte	0x1
 1227 0479 4F       		.byte	0x4f
 1228 047a CC020000 		.4byte	0x2cc
 1229 047e 05       		.byte	0x5
 1230 047f 03       		.byte	0x3
 1231 0480 04000000 		.4byte	pFiredListFirst
 1232 0484 0E       		.uleb128 0xe
 1233 0485 1D000000 		.4byte	.LASF56
 1234 0489 01       		.byte	0x1
 1235 048a 50       		.byte	0x50
 1236 048b 6E020000 		.4byte	0x26e
 1237 048f 05       		.byte	0x5
 1238 0490 03       		.byte	0x3
 1239 0491 0C000000 		.4byte	timerSem
 1240 0495 0B       		.uleb128 0xb
 1241 0496 A6040000 		.4byte	0x4a6
 1242 049a 25000000 		.4byte	0x25
 1243 049e 19       		.uleb128 0x19
 1244 049f 08020000 		.4byte	0x208
 1245 04a3 1F03     		.2byte	0x31f
 1246 04a5 00       		.byte	0x0
 1247 04a6 0E       		.uleb128 0xe
 1248 04a7 B2010000 		.4byte	.LASF57
 1249 04ab 01       		.byte	0x1
 1250 04ac 51       		.byte	0x51
 1251 04ad 95040000 		.4byte	0x495
 1252 04b1 05       		.byte	0x5
 1253 04b2 03       		.byte	0x3
 1254 04b3 28000000 		.4byte	pTimerStack
 1255 04b7 00       		.byte	0x0
 1256              		.section	.debug_abbrev
 1257 0000 01       		.uleb128 0x1
 1258 0001 11       		.uleb128 0x11
 1259 0002 01       		.byte	0x1
 1260 0003 10       		.uleb128 0x10
ARM GAS  /cygdrive/c/DOCUME~1/ANDERS~1/LOKALA~1/Temp/cc527x0h.s 			page 30


 1261 0004 06       		.uleb128 0x6
 1262 0005 12       		.uleb128 0x12
 1263 0006 01       		.uleb128 0x1
 1264 0007 11       		.uleb128 0x11
 1265 0008 01       		.uleb128 0x1
 1266 0009 25       		.uleb128 0x25
 1267 000a 0E       		.uleb128 0xe
 1268 000b 13       		.uleb128 0x13
 1269 000c 0B       		.uleb128 0xb
 1270 000d 03       		.uleb128 0x3
 1271 000e 0E       		.uleb128 0xe
 1272 000f 1B       		.uleb128 0x1b
 1273 0010 0E       		.uleb128 0xe
 1274 0011 00       		.byte	0x0
 1275 0012 00       		.byte	0x0
 1276 0013 02       		.uleb128 0x2
 1277 0014 16       		.uleb128 0x16
 1278 0015 00       		.byte	0x0
 1279 0016 03       		.uleb128 0x3
 1280 0017 08       		.uleb128 0x8
 1281 0018 3A       		.uleb128 0x3a
 1282 0019 0B       		.uleb128 0xb
 1283 001a 3B       		.uleb128 0x3b
 1284 001b 0B       		.uleb128 0xb
 1285 001c 49       		.uleb128 0x49
 1286 001d 13       		.uleb128 0x13
 1287 001e 00       		.byte	0x0
 1288 001f 00       		.byte	0x0
 1289 0020 03       		.uleb128 0x3
 1290 0021 24       		.uleb128 0x24
 1291 0022 00       		.byte	0x0
 1292 0023 03       		.uleb128 0x3
 1293 0024 0E       		.uleb128 0xe
 1294 0025 0B       		.uleb128 0xb
 1295 0026 0B       		.uleb128 0xb
 1296 0027 3E       		.uleb128 0x3e
 1297 0028 0B       		.uleb128 0xb
 1298 0029 00       		.byte	0x0
 1299 002a 00       		.byte	0x0
 1300 002b 04       		.uleb128 0x4
 1301 002c 16       		.uleb128 0x16
 1302 002d 00       		.byte	0x0
 1303 002e 03       		.uleb128 0x3
 1304 002f 0E       		.uleb128 0xe
 1305 0030 3A       		.uleb128 0x3a
 1306 0031 0B       		.uleb128 0xb
 1307 0032 3B       		.uleb128 0x3b
 1308 0033 0B       		.uleb128 0xb
 1309 0034 49       		.uleb128 0x49
 1310 0035 13       		.uleb128 0x13
 1311 0036 00       		.byte	0x0
 1312 0037 00       		.byte	0x0
 1313 0038 05       		.uleb128 0x5
 1314 0039 24       		.uleb128 0x24
 1315 003a 00       		.byte	0x0
 1316 003b 03       		.uleb128 0x3
 1317 003c 08       		.uleb128 0x8
ARM GAS  /cygdrive/c/DOCUME~1/ANDERS~1/LOKALA~1/Temp/cc527x0h.s 			page 31


 1318 003d 0B       		.uleb128 0xb
 1319 003e 0B       		.uleb128 0xb
 1320 003f 3E       		.uleb128 0x3e
 1321 0040 0B       		.uleb128 0xb
 1322 0041 00       		.byte	0x0
 1323 0042 00       		.byte	0x0
 1324 0043 06       		.uleb128 0x6
 1325 0044 13       		.uleb128 0x13
 1326 0045 01       		.byte	0x1
 1327 0046 01       		.uleb128 0x1
 1328 0047 13       		.uleb128 0x13
 1329 0048 03       		.uleb128 0x3
 1330 0049 0E       		.uleb128 0xe
 1331 004a 0B       		.uleb128 0xb
 1332 004b 0B       		.uleb128 0xb
 1333 004c 3A       		.uleb128 0x3a
 1334 004d 0B       		.uleb128 0xb
 1335 004e 3B       		.uleb128 0x3b
 1336 004f 0B       		.uleb128 0xb
 1337 0050 00       		.byte	0x0
 1338 0051 00       		.byte	0x0
 1339 0052 07       		.uleb128 0x7
 1340 0053 0D       		.uleb128 0xd
 1341 0054 00       		.byte	0x0
 1342 0055 03       		.uleb128 0x3
 1343 0056 0E       		.uleb128 0xe
 1344 0057 3A       		.uleb128 0x3a
 1345 0058 0B       		.uleb128 0xb
 1346 0059 3B       		.uleb128 0x3b
 1347 005a 0B       		.uleb128 0xb
 1348 005b 49       		.uleb128 0x49
 1349 005c 13       		.uleb128 0x13
 1350 005d 38       		.uleb128 0x38
 1351 005e 0A       		.uleb128 0xa
 1352 005f 00       		.byte	0x0
 1353 0060 00       		.byte	0x0
 1354 0061 08       		.uleb128 0x8
 1355 0062 0F       		.uleb128 0xf
 1356 0063 00       		.byte	0x0
 1357 0064 0B       		.uleb128 0xb
 1358 0065 0B       		.uleb128 0xb
 1359 0066 49       		.uleb128 0x49
 1360 0067 13       		.uleb128 0x13
 1361 0068 00       		.byte	0x0
 1362 0069 00       		.byte	0x0
 1363 006a 09       		.uleb128 0x9
 1364 006b 15       		.uleb128 0x15
 1365 006c 00       		.byte	0x0
 1366 006d 27       		.uleb128 0x27
 1367 006e 0C       		.uleb128 0xc
 1368 006f 00       		.byte	0x0
 1369 0070 00       		.byte	0x0
 1370 0071 0A       		.uleb128 0xa
 1371 0072 0D       		.uleb128 0xd
 1372 0073 00       		.byte	0x0
 1373 0074 03       		.uleb128 0x3
 1374 0075 08       		.uleb128 0x8
ARM GAS  /cygdrive/c/DOCUME~1/ANDERS~1/LOKALA~1/Temp/cc527x0h.s 			page 32


 1375 0076 3A       		.uleb128 0x3a
 1376 0077 0B       		.uleb128 0xb
 1377 0078 3B       		.uleb128 0x3b
 1378 0079 0B       		.uleb128 0xb
 1379 007a 49       		.uleb128 0x49
 1380 007b 13       		.uleb128 0x13
 1381 007c 38       		.uleb128 0x38
 1382 007d 0A       		.uleb128 0xa
 1383 007e 00       		.byte	0x0
 1384 007f 00       		.byte	0x0
 1385 0080 0B       		.uleb128 0xb
 1386 0081 01       		.uleb128 0x1
 1387 0082 01       		.byte	0x1
 1388 0083 01       		.uleb128 0x1
 1389 0084 13       		.uleb128 0x13
 1390 0085 49       		.uleb128 0x49
 1391 0086 13       		.uleb128 0x13
 1392 0087 00       		.byte	0x0
 1393 0088 00       		.byte	0x0
 1394 0089 0C       		.uleb128 0xc
 1395 008a 21       		.uleb128 0x21
 1396 008b 00       		.byte	0x0
 1397 008c 49       		.uleb128 0x49
 1398 008d 13       		.uleb128 0x13
 1399 008e 2F       		.uleb128 0x2f
 1400 008f 0B       		.uleb128 0xb
 1401 0090 00       		.byte	0x0
 1402 0091 00       		.byte	0x0
 1403 0092 0D       		.uleb128 0xd
 1404 0093 2E       		.uleb128 0x2e
 1405 0094 01       		.byte	0x1
 1406 0095 01       		.uleb128 0x1
 1407 0096 13       		.uleb128 0x13
 1408 0097 3F       		.uleb128 0x3f
 1409 0098 0C       		.uleb128 0xc
 1410 0099 03       		.uleb128 0x3
 1411 009a 0E       		.uleb128 0xe
 1412 009b 3A       		.uleb128 0x3a
 1413 009c 0B       		.uleb128 0xb
 1414 009d 3B       		.uleb128 0x3b
 1415 009e 0B       		.uleb128 0xb
 1416 009f 27       		.uleb128 0x27
 1417 00a0 0C       		.uleb128 0xc
 1418 00a1 11       		.uleb128 0x11
 1419 00a2 01       		.uleb128 0x1
 1420 00a3 12       		.uleb128 0x12
 1421 00a4 01       		.uleb128 0x1
 1422 00a5 40       		.uleb128 0x40
 1423 00a6 0A       		.uleb128 0xa
 1424 00a7 00       		.byte	0x0
 1425 00a8 00       		.byte	0x0
 1426 00a9 0E       		.uleb128 0xe
 1427 00aa 34       		.uleb128 0x34
 1428 00ab 00       		.byte	0x0
 1429 00ac 03       		.uleb128 0x3
 1430 00ad 0E       		.uleb128 0xe
 1431 00ae 3A       		.uleb128 0x3a
ARM GAS  /cygdrive/c/DOCUME~1/ANDERS~1/LOKALA~1/Temp/cc527x0h.s 			page 33


 1432 00af 0B       		.uleb128 0xb
 1433 00b0 3B       		.uleb128 0x3b
 1434 00b1 0B       		.uleb128 0xb
 1435 00b2 49       		.uleb128 0x49
 1436 00b3 13       		.uleb128 0x13
 1437 00b4 02       		.uleb128 0x2
 1438 00b5 0A       		.uleb128 0xa
 1439 00b6 00       		.byte	0x0
 1440 00b7 00       		.byte	0x0
 1441 00b8 0F       		.uleb128 0xf
 1442 00b9 35       		.uleb128 0x35
 1443 00ba 00       		.byte	0x0
 1444 00bb 49       		.uleb128 0x49
 1445 00bc 13       		.uleb128 0x13
 1446 00bd 00       		.byte	0x0
 1447 00be 00       		.byte	0x0
 1448 00bf 10       		.uleb128 0x10
 1449 00c0 2E       		.uleb128 0x2e
 1450 00c1 01       		.byte	0x1
 1451 00c2 01       		.uleb128 0x1
 1452 00c3 13       		.uleb128 0x13
 1453 00c4 03       		.uleb128 0x3
 1454 00c5 0E       		.uleb128 0xe
 1455 00c6 3A       		.uleb128 0x3a
 1456 00c7 0B       		.uleb128 0xb
 1457 00c8 3B       		.uleb128 0x3b
 1458 00c9 05       		.uleb128 0x5
 1459 00ca 27       		.uleb128 0x27
 1460 00cb 0C       		.uleb128 0xc
 1461 00cc 11       		.uleb128 0x11
 1462 00cd 01       		.uleb128 0x1
 1463 00ce 12       		.uleb128 0x12
 1464 00cf 01       		.uleb128 0x1
 1465 00d0 40       		.uleb128 0x40
 1466 00d1 0A       		.uleb128 0xa
 1467 00d2 00       		.byte	0x0
 1468 00d3 00       		.byte	0x0
 1469 00d4 11       		.uleb128 0x11
 1470 00d5 05       		.uleb128 0x5
 1471 00d6 00       		.byte	0x0
 1472 00d7 03       		.uleb128 0x3
 1473 00d8 0E       		.uleb128 0xe
 1474 00d9 3A       		.uleb128 0x3a
 1475 00da 0B       		.uleb128 0xb
 1476 00db 3B       		.uleb128 0x3b
 1477 00dc 05       		.uleb128 0x5
 1478 00dd 49       		.uleb128 0x49
 1479 00de 13       		.uleb128 0x13
 1480 00df 02       		.uleb128 0x2
 1481 00e0 0A       		.uleb128 0xa
 1482 00e1 00       		.byte	0x0
 1483 00e2 00       		.byte	0x0
 1484 00e3 12       		.uleb128 0x12
 1485 00e4 34       		.uleb128 0x34
 1486 00e5 00       		.byte	0x0
 1487 00e6 03       		.uleb128 0x3
 1488 00e7 0E       		.uleb128 0xe
ARM GAS  /cygdrive/c/DOCUME~1/ANDERS~1/LOKALA~1/Temp/cc527x0h.s 			page 34


 1489 00e8 3A       		.uleb128 0x3a
 1490 00e9 0B       		.uleb128 0xb
 1491 00ea 3B       		.uleb128 0x3b
 1492 00eb 05       		.uleb128 0x5
 1493 00ec 49       		.uleb128 0x49
 1494 00ed 13       		.uleb128 0x13
 1495 00ee 02       		.uleb128 0x2
 1496 00ef 0A       		.uleb128 0xa
 1497 00f0 00       		.byte	0x0
 1498 00f1 00       		.byte	0x0
 1499 00f2 13       		.uleb128 0x13
 1500 00f3 05       		.uleb128 0x5
 1501 00f4 00       		.byte	0x0
 1502 00f5 03       		.uleb128 0x3
 1503 00f6 0E       		.uleb128 0xe
 1504 00f7 3A       		.uleb128 0x3a
 1505 00f8 0B       		.uleb128 0xb
 1506 00f9 3B       		.uleb128 0x3b
 1507 00fa 0B       		.uleb128 0xb
 1508 00fb 49       		.uleb128 0x49
 1509 00fc 13       		.uleb128 0x13
 1510 00fd 02       		.uleb128 0x2
 1511 00fe 0A       		.uleb128 0xa
 1512 00ff 00       		.byte	0x0
 1513 0100 00       		.byte	0x0
 1514 0101 14       		.uleb128 0x14
 1515 0102 2E       		.uleb128 0x2e
 1516 0103 01       		.byte	0x1
 1517 0104 01       		.uleb128 0x1
 1518 0105 13       		.uleb128 0x13
 1519 0106 3F       		.uleb128 0x3f
 1520 0107 0C       		.uleb128 0xc
 1521 0108 03       		.uleb128 0x3
 1522 0109 0E       		.uleb128 0xe
 1523 010a 3A       		.uleb128 0x3a
 1524 010b 0B       		.uleb128 0xb
 1525 010c 3B       		.uleb128 0x3b
 1526 010d 05       		.uleb128 0x5
 1527 010e 27       		.uleb128 0x27
 1528 010f 0C       		.uleb128 0xc
 1529 0110 11       		.uleb128 0x11
 1530 0111 01       		.uleb128 0x1
 1531 0112 12       		.uleb128 0x12
 1532 0113 01       		.uleb128 0x1
 1533 0114 40       		.uleb128 0x40
 1534 0115 0A       		.uleb128 0xa
 1535 0116 00       		.byte	0x0
 1536 0117 00       		.byte	0x0
 1537 0118 15       		.uleb128 0x15
 1538 0119 34       		.uleb128 0x34
 1539 011a 00       		.byte	0x0
 1540 011b 03       		.uleb128 0x3
 1541 011c 08       		.uleb128 0x8
 1542 011d 3A       		.uleb128 0x3a
 1543 011e 0B       		.uleb128 0xb
 1544 011f 3B       		.uleb128 0x3b
 1545 0120 05       		.uleb128 0x5
ARM GAS  /cygdrive/c/DOCUME~1/ANDERS~1/LOKALA~1/Temp/cc527x0h.s 			page 35


 1546 0121 49       		.uleb128 0x49
 1547 0122 13       		.uleb128 0x13
 1548 0123 02       		.uleb128 0x2
 1549 0124 0A       		.uleb128 0xa
 1550 0125 00       		.byte	0x0
 1551 0126 00       		.byte	0x0
 1552 0127 16       		.uleb128 0x16
 1553 0128 05       		.uleb128 0x5
 1554 0129 00       		.byte	0x0
 1555 012a 03       		.uleb128 0x3
 1556 012b 08       		.uleb128 0x8
 1557 012c 3A       		.uleb128 0x3a
 1558 012d 0B       		.uleb128 0xb
 1559 012e 3B       		.uleb128 0x3b
 1560 012f 05       		.uleb128 0x5
 1561 0130 49       		.uleb128 0x49
 1562 0131 13       		.uleb128 0x13
 1563 0132 02       		.uleb128 0x2
 1564 0133 0A       		.uleb128 0xa
 1565 0134 00       		.byte	0x0
 1566 0135 00       		.byte	0x0
 1567 0136 17       		.uleb128 0x17
 1568 0137 34       		.uleb128 0x34
 1569 0138 00       		.byte	0x0
 1570 0139 03       		.uleb128 0x3
 1571 013a 0E       		.uleb128 0xe
 1572 013b 3A       		.uleb128 0x3a
 1573 013c 0B       		.uleb128 0xb
 1574 013d 3B       		.uleb128 0x3b
 1575 013e 05       		.uleb128 0x5
 1576 013f 49       		.uleb128 0x49
 1577 0140 13       		.uleb128 0x13
 1578 0141 00       		.byte	0x0
 1579 0142 00       		.byte	0x0
 1580 0143 18       		.uleb128 0x18
 1581 0144 0F       		.uleb128 0xf
 1582 0145 00       		.byte	0x0
 1583 0146 0B       		.uleb128 0xb
 1584 0147 0B       		.uleb128 0xb
 1585 0148 00       		.byte	0x0
 1586 0149 00       		.byte	0x0
 1587 014a 19       		.uleb128 0x19
 1588 014b 21       		.uleb128 0x21
 1589 014c 00       		.byte	0x0
 1590 014d 49       		.uleb128 0x49
 1591 014e 13       		.uleb128 0x13
 1592 014f 2F       		.uleb128 0x2f
 1593 0150 05       		.uleb128 0x5
 1594 0151 00       		.byte	0x0
 1595 0152 00       		.byte	0x0
 1596 0153 00       		.byte	0x0
 1597              		.section	.debug_pubnames,"",%progbits
 1598 0000 51000000 		.4byte	0x51
 1599 0004 0200     		.2byte	0x2
 1600 0006 00000000 		.4byte	.Ldebug_info0
 1601 000a B8040000 		.4byte	0x4b8
 1602 000e 79020000 		.4byte	0x279
ARM GAS  /cygdrive/c/DOCUME~1/ANDERS~1/LOKALA~1/Temp/cc527x0h.s 			page 36


 1603 0012 74696D65 		.ascii	"timerTick\000"
 1603      72546963 
 1603      6B00
 1604 001c 14030000 		.4byte	0x314
 1605 0020 6F734372 		.ascii	"osCreateTimer\000"
 1605      65617465 
 1605      54696D65 
 1605      7200
 1606 002e 6E030000 		.4byte	0x36e
 1607 0032 6F734465 		.ascii	"osDeleteTimer\000"
 1607      6C657465 
 1607      54696D65 
 1607      7200
 1608 0040 BB030000 		.4byte	0x3bb
 1609 0044 6F73496E 		.ascii	"osInitTimers\000"
 1609      69745469 
 1609      6D657273 
 1609      00
 1610 0051 00000000 		.4byte	0x0
 1611              		.section	.debug_aranges,"",%progbits
 1612 0000 1C000000 		.4byte	0x1c
 1613 0004 0200     		.2byte	0x2
 1614 0006 00000000 		.4byte	.Ldebug_info0
 1615 000a 04       		.byte	0x4
 1616 000b 00       		.byte	0x0
 1617 000c 0000     		.2byte	0x0
 1618 000e 0000     		.2byte	0x0
 1619 0010 00000000 		.4byte	.Ltext0
 1620 0014 18020000 		.4byte	.Letext0-.Ltext0
 1621 0018 00000000 		.4byte	0x0
 1622 001c 00000000 		.4byte	0x0
 1623              		.section	.debug_str,"MS",%progbits,1
 1624              	.LASF46:
 1625 0000 6F734372 		.ascii	"osCreateTimer\000"
 1625      65617465 
 1625      54696D65 
 1625      7200
 1626              	.LASF24:
 1627 000e 7072696F 		.ascii	"prio\000"
 1627      00
 1628              	.LASF8:
 1629 0013 6E657874 		.ascii	"next\000"
 1629      00
 1630              	.LASF18:
 1631 0018 7053746B 		.ascii	"pStk\000"
 1631      00
 1632              	.LASF56:
 1633 001d 74696D65 		.ascii	"timerSem\000"
 1633      7253656D 
 1633      00
 1634              	.LASF38:
 1635 0026 5F74436E 		.ascii	"_tCntSem_\000"
 1635      7453656D 
 1635      5F00
 1636              	.LASF12:
 1637 0030 64656C74 		.ascii	"delta\000"
 1637      6100
ARM GAS  /cygdrive/c/DOCUME~1/ANDERS~1/LOKALA~1/Temp/cc527x0h.s 			page 37


 1638              	.LASF32:
 1639 0036 70504342 		.ascii	"pPCBs\000"
 1639      7300
 1640              	.LASF15:
 1641 003c 7454696D 		.ascii	"tTimer\000"
 1641      657200
 1642              	.LASF50:
 1643 0043 6F73496E 		.ascii	"osInitTimers\000"
 1643      69745469 
 1643      6D657273 
 1643      00
 1644              	.LASF39:
 1645 0050 74436E74 		.ascii	"tCntSem\000"
 1645      53656D00 
 1646              	.LASF40:
 1647 0058 6C6F6361 		.ascii	"localSR\000"
 1647      6C535200 
 1648              	.LASF55:
 1649 0060 70466972 		.ascii	"pFiredListFirst\000"
 1649      65644C69 
 1649      73744669 
 1649      72737400 
 1650              	.LASF47:
 1651 0070 7054696D 		.ascii	"pTimer\000"
 1651      657200
 1652              	.LASF59:
 1653 0077 636F7265 		.ascii	"core/timer.c\000"
 1653      2F74696D 
 1653      65722E63 
 1653      00
 1654              	.LASF9:
 1655 0084 70726576 		.ascii	"previous\000"
 1655      696F7573 
 1655      00
 1656              	.LASF1:
 1657 008d 756E7369 		.ascii	"unsigned char\000"
 1657      676E6564 
 1657      20636861 
 1657      7200
 1658              	.LASF29:
 1659 009b 744F5350 		.ascii	"tOSPCB\000"
 1659      434200
 1660              	.LASF19:
 1661 00a2 704E6578 		.ascii	"pNextPrioQueueReady\000"
 1661      74507269 
 1661      6F517565 
 1661      75655265 
 1661      61647900 
 1662              	.LASF34:
 1663 00b6 74507269 		.ascii	"tPrioQueue\000"
 1663      6F517565 
 1663      756500
 1664              	.LASF53:
 1665 00c1 7054696D 		.ascii	"pTimerList\000"
 1665      65724C69 
 1665      737400
 1666              	.LASF33:
ARM GAS  /cygdrive/c/DOCUME~1/ANDERS~1/LOKALA~1/Temp/cc527x0h.s 			page 38


 1667 00cc 6C6F6E67 		.ascii	"long unsigned int\000"
 1667      20756E73 
 1667      69676E65 
 1667      6420696E 
 1667      7400
 1668              	.LASF2:
 1669 00de 73686F72 		.ascii	"short unsigned int\000"
 1669      7420756E 
 1669      7369676E 
 1669      65642069 
 1669      6E7400
 1670              	.LASF11:
 1671 00f1 63616C6C 		.ascii	"callback\000"
 1671      6261636B 
 1671      00
 1672              	.LASF20:
 1673 00fa 70507265 		.ascii	"pPrevPrioQueueReady\000"
 1673      76507269 
 1673      6F517565 
 1673      75655265 
 1673      61647900 
 1674              	.LASF45:
 1675 010e 74696D65 		.ascii	"timerTick\000"
 1675      72546963 
 1675      6B00
 1676              	.LASF31:
 1677 0118 70507269 		.ascii	"pPrioList\000"
 1677      6F4C6973 
 1677      7400
 1678              	.LASF48:
 1679 0122 6F734465 		.ascii	"osDeleteTimer\000"
 1679      6C657465 
 1679      54696D65 
 1679      7200
 1680              	.LASF17:
 1681 0130 5F744F53 		.ascii	"_tOSPCB__\000"
 1681      5043425F 
 1681      5F00
 1682              	.LASF22:
 1683 013a 70507265 		.ascii	"pPrevPrioQueueEvent\000"
 1683      76507269 
 1683      6F517565 
 1683      75654576 
 1683      656E7400 
 1684              	.LASF58:
 1685 014e 474E5520 		.ascii	"GNU C 3.4.3\000"
 1685      4320332E 
 1685      342E3300 
 1686              	.LASF54:
 1687 015a 70466972 		.ascii	"pFiredListLast\000"
 1687      65644C69 
 1687      73744C61 
 1687      737400
 1688              	.LASF52:
 1689 0169 74696D65 		.ascii	"timerProcess\000"
 1689      7250726F 
 1689      63657373 
ARM GAS  /cygdrive/c/DOCUME~1/ANDERS~1/LOKALA~1/Temp/cc527x0h.s 			page 39


 1689      00
 1690              	.LASF25:
 1691 0176 666C6167 		.ascii	"flag\000"
 1691      00
 1692              	.LASF49:
 1693 017b 70457272 		.ascii	"pError\000"
 1693      6F7200
 1694              	.LASF21:
 1695 0182 704E6578 		.ascii	"pNextPrioQueueEvent\000"
 1695      74507269 
 1695      6F517565 
 1695      75654576 
 1695      656E7400 
 1696              	.LASF4:
 1697 0196 756E7369 		.ascii	"unsigned int\000"
 1697      676E6564 
 1697      20696E74 
 1697      00
 1698              	.LASF28:
 1699 01a3 73746163 		.ascii	"stackSize\000"
 1699      6B53697A 
 1699      6500
 1700              	.LASF10:
 1701 01ad 6C697374 		.ascii	"list\000"
 1701      00
 1702              	.LASF57:
 1703 01b2 7054696D 		.ascii	"pTimerStack\000"
 1703      65725374 
 1703      61636B00 
 1704              	.LASF41:
 1705 01be 704C6173 		.ascii	"pLast\000"
 1705      7400
 1706              	.LASF36:
 1707 01c4 77616974 		.ascii	"waitQ\000"
 1707      5100
 1708              	.LASF60:
 1709 01ca 2F637967 		.ascii	"/cygdrive/c/Documents and Settings/Anders Rosvall/M"
 1709      64726976 
 1709      652F632F 
 1709      446F6375 
 1709      6D656E74 
 1710 01fd 696E6120 		.ascii	"ina dokument/Embedded Artists/Products/LPC2148 Educ"
 1710      646F6B75 
 1710      6D656E74 
 1710      2F456D62 
 1710      65646465 
 1711 0230 6174696F 		.ascii	"ation Board/Test program/v1.2/pre_emptive_os\000"
 1711      6E20426F 
 1711      6172642F 
 1711      54657374 
 1711      2070726F 
 1712              	.LASF14:
 1713 025d 72657065 		.ascii	"repeat\000"
 1713      617400
 1714              	.LASF16:
 1715 0264 5F745469 		.ascii	"_tTimer__\000"
 1715      6D65725F 
ARM GAS  /cygdrive/c/DOCUME~1/ANDERS~1/LOKALA~1/Temp/cc527x0h.s 			page 40


 1715      5F00
 1716              	.LASF13:
 1717 026e 74696D65 		.ascii	"time\000"
 1717      00
 1718              	.LASF30:
 1719 0273 5F745072 		.ascii	"_tPrioQueue_\000"
 1719      696F5175 
 1719      6575655F 
 1719      00
 1720              	.LASF0:
 1721 0280 74553136 		.ascii	"tU16\000"
 1721      00
 1722              	.LASF3:
 1723 0285 74553332 		.ascii	"tU32\000"
 1723      00
 1724              	.LASF42:
 1725 028a 70546D70 		.ascii	"pTmp\000"
 1725      00
 1726              	.LASF37:
 1727 028f 744F5345 		.ascii	"tOSEvent\000"
 1727      76656E74 
 1727      00
 1728              	.LASF27:
 1729 0298 7053746B 		.ascii	"pStkOrg\000"
 1729      4F726700 
 1730              	.LASF35:
 1731 02a0 5F744F53 		.ascii	"_tOSEvent_\000"
 1731      4576656E 
 1731      745F00
 1732              	.LASF6:
 1733 02ab 73686F72 		.ascii	"short int\000"
 1733      7420696E 
 1733      7400
 1734              	.LASF43:
 1735 02b5 6572726F 		.ascii	"error\000"
 1735      7200
 1736              	.LASF44:
 1737 02bb 70507265 		.ascii	"pPrev\000"
 1737      7600
 1738              	.LASF23:
 1739 02c1 704E6578 		.ascii	"pNextTimeQueue\000"
 1739      7454696D 
 1739      65517565 
 1739      756500
 1740              	.LASF5:
 1741 02d0 7369676E 		.ascii	"signed char\000"
 1741      65642063 
 1741      68617200 
 1742              	.LASF51:
 1743 02dc 61646454 		.ascii	"addToTimerList\000"
 1743      6F54696D 
 1743      65724C69 
 1743      737400
 1744              	.LASF26:
 1745 02eb 736C6565 		.ascii	"sleep\000"
 1745      7000
 1746              	.LASF7:
ARM GAS  /cygdrive/c/DOCUME~1/ANDERS~1/LOKALA~1/Temp/cc527x0h.s 			page 41


 1747 02f1 74426F6F 		.ascii	"tBool\000"
 1747      6C00
 1748              		.ident	"GCC: (GNU) 3.4.3"
ARM GAS  /cygdrive/c/DOCUME~1/ANDERS~1/LOKALA~1/Temp/cc527x0h.s 			page 42


DEFINED SYMBOLS
                            *ABS*:00000000 timer.c
/cygdrive/c/DOCUME~1/ANDERS~1/LOKALA~1/Temp/cc527x0h.s:1      .text:00000000 $t
                             .bss:00000000 $d
/cygdrive/c/DOCUME~1/ANDERS~1/LOKALA~1/Temp/cc527x0h.s:13     .bss:00000000 pFiredListLast
/cygdrive/c/DOCUME~1/ANDERS~1/LOKALA~1/Temp/cc527x0h.s:16     .bss:00000004 pFiredListFirst
/cygdrive/c/DOCUME~1/ANDERS~1/LOKALA~1/Temp/cc527x0h.s:19     .bss:00000008 pTimerList
/cygdrive/c/DOCUME~1/ANDERS~1/LOKALA~1/Temp/cc527x0h.s:27     .text:00000000 timerTick
/cygdrive/c/DOCUME~1/ANDERS~1/LOKALA~1/Temp/cc527x0h.s:117    .text:00000074 $d
/cygdrive/c/DOCUME~1/ANDERS~1/LOKALA~1/Temp/cc527x0h.s:477    .bss:0000000c timerSem
/cygdrive/c/DOCUME~1/ANDERS~1/LOKALA~1/Temp/cc527x0h.s:124    .text:00000084 $t
/cygdrive/c/DOCUME~1/ANDERS~1/LOKALA~1/Temp/cc527x0h.s:127    .text:00000084 addToTimerList
/cygdrive/c/DOCUME~1/ANDERS~1/LOKALA~1/Temp/cc527x0h.s:215    .text:000000e0 $d
/cygdrive/c/DOCUME~1/ANDERS~1/LOKALA~1/Temp/cc527x0h.s:223    .text:000000e4 osCreateTimer
/cygdrive/c/DOCUME~1/ANDERS~1/LOKALA~1/Temp/cc527x0h.s:220    .text:000000e4 $t
/cygdrive/c/DOCUME~1/ANDERS~1/LOKALA~1/Temp/cc527x0h.s:265    .text:00000110 osDeleteTimer
/cygdrive/c/DOCUME~1/ANDERS~1/LOKALA~1/Temp/cc527x0h.s:348    .text:00000170 $d
/cygdrive/c/DOCUME~1/ANDERS~1/LOKALA~1/Temp/cc527x0h.s:356    .text:00000174 osInitTimers
/cygdrive/c/DOCUME~1/ANDERS~1/LOKALA~1/Temp/cc527x0h.s:353    .text:00000174 $t
/cygdrive/c/DOCUME~1/ANDERS~1/LOKALA~1/Temp/cc527x0h.s:396    .text:000001ac $d
/cygdrive/c/DOCUME~1/ANDERS~1/LOKALA~1/Temp/cc527x0h.s:405    .text:000001b8 timerProcess
/cygdrive/c/DOCUME~1/ANDERS~1/LOKALA~1/Temp/cc527x0h.s:479    .bss:00000028 pTimerStack
/cygdrive/c/DOCUME~1/ANDERS~1/LOKALA~1/Temp/cc527x0h.s:402    .text:000001b8 $t
/cygdrive/c/DOCUME~1/ANDERS~1/LOKALA~1/Temp/cc527x0h.s:470    .text:0000020c $d

UNDEFINED SYMBOLS
halDisableInterrupts_oshal
osSemGive
halRestoreInterrupts_oshal
osSemInit
osCreateProcess
osStartProcess
osSemTake
_call_via_r4
